{"C:\\Users\\bruno\\OneDrive\\Documentos\\projeto_gestor_carreira\\gestor-carreira-backend\\seeders\\20250707103229-popular-conquistas.js": {"path":"C:\\Users\\bruno\\OneDrive\\Documentos\\projeto_gestor_carreira\\gestor-carreira-backend\\seeders\\20250707103229-popular-conquistas.js","statementMap":{"0":{"start":{"line":5,"column":0},"end":{"line":159,"column":2}},"1":{"start":{"line":8,"column":36},"end":{"line":141,"column":76}},"2":{"start":{"line":141,"column":18},"end":{"line":141,"column":74}},"3":{"start":{"line":143,"column":33},"end":{"line":145,"column":5}},"4":{"start":{"line":146,"column":28},"end":{"line":146,"column":70}},"5":{"start":{"line":146,"column":63},"end":{"line":146,"column":69}},"6":{"start":{"line":147,"column":28},"end":{"line":149,"column":5}},"7":{"start":{"line":148,"column":13},"end":{"line":148,"column":46}},"8":{"start":{"line":151,"column":4},"end":{"line":153,"column":5}},"9":{"start":{"line":152,"column":6},"end":{"line":152,"column":73}},"10":{"start":{"line":157,"column":4},"end":{"line":157,"column":60}}},"fnMap":{"0":{"name":"(anonymous_0)","decl":{"start":{"line":6,"column":2},"end":{"line":6,"column":3}},"loc":{"start":{"line":6,"column":38},"end":{"line":154,"column":3}},"line":6},"1":{"name":"(anonymous_1)","decl":{"start":{"line":141,"column":10},"end":{"line":141,"column":11}},"loc":{"start":{"line":141,"column":18},"end":{"line":141,"column":74}},"line":141},"2":{"name":"(anonymous_2)","decl":{"start":{"line":146,"column":56},"end":{"line":146,"column":57}},"loc":{"start":{"line":146,"column":63},"end":{"line":146,"column":69}},"line":146},"3":{"name":"(anonymous_3)","decl":{"start":{"line":148,"column":6},"end":{"line":148,"column":7}},"loc":{"start":{"line":148,"column":13},"end":{"line":148,"column":46}},"line":148},"4":{"name":"(anonymous_4)","decl":{"start":{"line":156,"column":2},"end":{"line":156,"column":3}},"loc":{"start":{"line":156,"column":40},"end":{"line":158,"column":3}},"line":156}},"branchMap":{"0":{"loc":{"start":{"line":151,"column":4},"end":{"line":153,"column":5}},"type":"if","locations":[{"start":{"line":151,"column":4},"end":{"line":153,"column":5}},{"start":{},"end":{}}],"line":151}},"s":{"0":3,"1":8,"2":240,"3":8,"4":8,"5":0,"6":8,"7":240,"8":8,"9":8,"10":0},"f":{"0":8,"1":240,"2":0,"3":240,"4":0},"b":{"0":[8,0]},"_coverageSchema":"1a1c01bbd47fc00a2c39e90264f33305004495a9","hash":"c591f57f4b110fbd79c78072145632bf5cce5195"}
,"C:\\Users\\bruno\\OneDrive\\Documentos\\projeto_gestor_carreira\\gestor-carreira-backend\\src\\config\\database.js": {"path":"C:\\Users\\bruno\\OneDrive\\Documentos\\projeto_gestor_carreira\\gestor-carreira-backend\\src\\config\\database.js","statementMap":{"0":{"start":{"line":2,"column":0},"end":{"line":2,"column":27}},"1":{"start":{"line":3,"column":13},"end":{"line":3,"column":28}},"2":{"start":{"line":6,"column":0},"end":{"line":46,"column":1}},"3":{"start":{"line":9,"column":2},"end":{"line":17,"column":4}},"4":{"start":{"line":20,"column":25},"end":{"line":22,"column":3}},"5":{"start":{"line":26,"column":2},"end":{"line":31,"column":3}},"6":{"start":{"line":27,"column":4},"end":{"line":30,"column":6}},"7":{"start":{"line":33,"column":2},"end":{"line":45,"column":4}}},"fnMap":{},"branchMap":{"0":{"loc":{"start":{"line":6,"column":0},"end":{"line":46,"column":1}},"type":"if","locations":[{"start":{"line":6,"column":0},"end":{"line":46,"column":1}},{"start":{"line":18,"column":7},"end":{"line":46,"column":1}}],"line":6},"1":{"loc":{"start":{"line":26,"column":2},"end":{"line":31,"column":3}},"type":"if","locations":[{"start":{"line":26,"column":2},"end":{"line":31,"column":3}},{"start":{},"end":{}}],"line":26}},"s":{"0":15,"1":15,"2":15,"3":15,"4":0,"5":0,"6":0,"7":0},"f":{},"b":{"0":[15,0],"1":[0,0]},"_coverageSchema":"1a1c01bbd47fc00a2c39e90264f33305004495a9","hash":"a365b02ccec62532811ec9305b7b7532332f702a"}
,"C:\\Users\\bruno\\OneDrive\\Documentos\\projeto_gestor_carreira\\gestor-carreira-backend\\src\\config\\multerCloudinary.js": {"path":"C:\\Users\\bruno\\OneDrive\\Documentos\\projeto_gestor_carreira\\gestor-carreira-backend\\src\\config\\multerCloudinary.js","statementMap":{"0":{"start":{"line":2,"column":19},"end":{"line":2,"column":43}},"1":{"start":{"line":3,"column":30},"end":{"line":3,"column":66}},"2":{"start":{"line":4,"column":15},"end":{"line":4,"column":32}},"3":{"start":{"line":7,"column":0},"end":{"line":11,"column":3}},"4":{"start":{"line":14,"column":16},"end":{"line":48,"column":2}},"5":{"start":{"line":18,"column":24},"end":{"line":18,"column":62}},"6":{"start":{"line":19,"column":21},"end":{"line":19,"column":58}},"7":{"start":{"line":21,"column":4},"end":{"line":28,"column":6}},"8":{"start":{"line":36,"column":25},"end":{"line":41,"column":5}},"9":{"start":{"line":42,"column":4},"end":{"line":46,"column":5}},"10":{"start":{"line":43,"column":6},"end":{"line":43,"column":21}},"11":{"start":{"line":45,"column":6},"end":{"line":45,"column":97}},"12":{"start":{"line":50,"column":0},"end":{"line":50,"column":29}}},"fnMap":{"0":{"name":"(anonymous_0)","decl":{"start":{"line":16,"column":10},"end":{"line":16,"column":11}},"loc":{"start":{"line":16,"column":25},"end":{"line":29,"column":3}},"line":16},"1":{"name":"(anonymous_1)","decl":{"start":{"line":35,"column":14},"end":{"line":35,"column":15}},"loc":{"start":{"line":35,"column":33},"end":{"line":47,"column":3}},"line":35}},"branchMap":{"0":{"loc":{"start":{"line":42,"column":4},"end":{"line":46,"column":5}},"type":"if","locations":[{"start":{"line":42,"column":4},"end":{"line":46,"column":5}},{"start":{"line":44,"column":11},"end":{"line":46,"column":5}}],"line":42}},"s":{"0":13,"1":13,"2":13,"3":13,"4":13,"5":0,"6":0,"7":0,"8":0,"9":0,"10":0,"11":0,"12":13},"f":{"0":0,"1":0},"b":{"0":[0,0]},"_coverageSchema":"1a1c01bbd47fc00a2c39e90264f33305004495a9","hash":"b28ef30d98180d537d8c948a947be9a98ec73e9f"}
,"C:\\Users\\bruno\\OneDrive\\Documentos\\projeto_gestor_carreira\\gestor-carreira-backend\\src\\controladores\\admin.controlador.js": {"path":"C:\\Users\\bruno\\OneDrive\\Documentos\\projeto_gestor_carreira\\gestor-carreira-backend\\src\\controladores\\admin.controlador.js","statementMap":{"0":{"start":{"line":2,"column":15},"end":{"line":2,"column":34}},"1":{"start":{"line":5,"column":0},"end":{"line":15,"column":2}},"2":{"start":{"line":6,"column":22},"end":{"line":6,"column":36}},"3":{"start":{"line":7,"column":2},"end":{"line":14,"column":3}},"4":{"start":{"line":8,"column":21},"end":{"line":10,"column":6}},"5":{"start":{"line":11,"column":4},"end":{"line":11,"column":42}},"6":{"start":{"line":13,"column":4},"end":{"line":13,"column":78}},"7":{"start":{"line":17,"column":0},"end":{"line":35,"column":2}},"8":{"start":{"line":18,"column":22},"end":{"line":18,"column":36}},"9":{"start":{"line":19,"column":17},"end":{"line":19,"column":27}},"10":{"start":{"line":20,"column":21},"end":{"line":20,"column":29}},"11":{"start":{"line":21,"column":2},"end":{"line":21,"column":48}},"12":{"start":{"line":21,"column":24},"end":{"line":21,"column":48}},"13":{"start":{"line":22,"column":2},"end":{"line":22,"column":42}},"14":{"start":{"line":22,"column":21},"end":{"line":22,"column":42}},"15":{"start":{"line":23,"column":2},"end":{"line":34,"column":3}},"16":{"start":{"line":24,"column":22},"end":{"line":24,"column":73}},"17":{"start":{"line":25,"column":4},"end":{"line":30,"column":5}},"18":{"start":{"line":26,"column":32},"end":{"line":28,"column":8}},"19":{"start":{"line":29,"column":6},"end":{"line":29,"column":53}},"20":{"start":{"line":31,"column":4},"end":{"line":31,"column":73}},"21":{"start":{"line":33,"column":4},"end":{"line":33,"column":76}},"22":{"start":{"line":37,"column":0},"end":{"line":56,"column":2}},"23":{"start":{"line":38,"column":22},"end":{"line":38,"column":36}},"24":{"start":{"line":39,"column":17},"end":{"line":39,"column":27}},"25":{"start":{"line":40,"column":2},"end":{"line":55,"column":3}},"26":{"start":{"line":41,"column":4},"end":{"line":47,"column":5}},"27":{"start":{"line":42,"column":6},"end":{"line":46,"column":11}},"28":{"start":{"line":48,"column":21},"end":{"line":48,"column":61}},"29":{"start":{"line":49,"column":4},"end":{"line":51,"column":5}},"30":{"start":{"line":50,"column":6},"end":{"line":50,"column":36}},"31":{"start":{"line":52,"column":4},"end":{"line":52,"column":73}},"32":{"start":{"line":54,"column":4},"end":{"line":54,"column":78}},"33":{"start":{"line":58,"column":0},"end":{"line":113,"column":2}},"34":{"start":{"line":72,"column":6},"end":{"line":72,"column":20}},"35":{"start":{"line":73,"column":17},"end":{"line":73,"column":27}},"36":{"start":{"line":75,"column":12},"end":{"line":75,"column":39}},"37":{"start":{"line":77,"column":2},"end":{"line":112,"column":3}},"38":{"start":{"line":78,"column":4},"end":{"line":78,"column":83}},"39":{"start":{"line":80,"column":4},"end":{"line":87,"column":42}},"40":{"start":{"line":89,"column":4},"end":{"line":89,"column":77}},"41":{"start":{"line":90,"column":4},"end":{"line":90,"column":75}},"42":{"start":{"line":91,"column":4},"end":{"line":91,"column":82}},"43":{"start":{"line":92,"column":4},"end":{"line":92,"column":77}},"44":{"start":{"line":93,"column":4},"end":{"line":93,"column":72}},"45":{"start":{"line":94,"column":4},"end":{"line":94,"column":67}},"46":{"start":{"line":96,"column":4},"end":{"line":96,"column":73}},"47":{"start":{"line":97,"column":4},"end":{"line":97,"column":73}},"48":{"start":{"line":98,"column":4},"end":{"line":98,"column":77}},"49":{"start":{"line":99,"column":4},"end":{"line":99,"column":80}},"50":{"start":{"line":100,"column":4},"end":{"line":100,"column":74}},"51":{"start":{"line":102,"column":4},"end":{"line":102,"column":21}},"52":{"start":{"line":104,"column":4},"end":{"line":104,"column":69}},"53":{"start":{"line":105,"column":4},"end":{"line":105,"column":34}},"54":{"start":{"line":107,"column":4},"end":{"line":107,"column":23}},"55":{"start":{"line":108,"column":4},"end":{"line":108,"column":63}},"56":{"start":{"line":109,"column":4},"end":{"line":111,"column":77}},"57":{"start":{"line":115,"column":0},"end":{"line":148,"column":2}},"58":{"start":{"line":116,"column":22},"end":{"line":116,"column":36}},"59":{"start":{"line":117,"column":39},"end":{"line":117,"column":47}},"60":{"start":{"line":118,"column":2},"end":{"line":122,"column":3}},"61":{"start":{"line":119,"column":4},"end":{"line":121,"column":75}},"62":{"start":{"line":123,"column":2},"end":{"line":147,"column":3}},"63":{"start":{"line":124,"column":29},"end":{"line":124,"column":72}},"64":{"start":{"line":125,"column":4},"end":{"line":127,"column":5}},"65":{"start":{"line":126,"column":6},"end":{"line":126,"column":79}},"66":{"start":{"line":129,"column":31},"end":{"line":129,"column":57}},"67":{"start":{"line":133,"column":24},"end":{"line":140,"column":6}},"68":{"start":{"line":143,"column":45},"end":{"line":143,"column":77}},"69":{"start":{"line":144,"column":4},"end":{"line":144,"column":49}},"70":{"start":{"line":146,"column":4},"end":{"line":146,"column":78}},"71":{"start":{"line":150,"column":0},"end":{"line":185,"column":2}},"72":{"start":{"line":151,"column":22},"end":{"line":151,"column":36}},"73":{"start":{"line":152,"column":17},"end":{"line":152,"column":27}},"74":{"start":{"line":153,"column":26},"end":{"line":153,"column":34}},"75":{"start":{"line":155,"column":2},"end":{"line":184,"column":3}},"76":{"start":{"line":156,"column":20},"end":{"line":156,"column":46}},"77":{"start":{"line":157,"column":4},"end":{"line":159,"column":5}},"78":{"start":{"line":158,"column":6},"end":{"line":158,"column":75}},"79":{"start":{"line":161,"column":4},"end":{"line":179,"column":5}},"80":{"start":{"line":162,"column":6},"end":{"line":164,"column":7}},"81":{"start":{"line":163,"column":8},"end":{"line":163,"column":82}},"82":{"start":{"line":166,"column":6},"end":{"line":166,"column":28}},"83":{"start":{"line":167,"column":6},"end":{"line":167,"column":42}},"84":{"start":{"line":168,"column":6},"end":{"line":168,"column":27}},"85":{"start":{"line":169,"column":6},"end":{"line":169,"column":110}},"86":{"start":{"line":171,"column":11},"end":{"line":179,"column":5}},"87":{"start":{"line":172,"column":6},"end":{"line":172,"column":29}},"88":{"start":{"line":173,"column":6},"end":{"line":173,"column":42}},"89":{"start":{"line":174,"column":6},"end":{"line":174,"column":27}},"90":{"start":{"line":175,"column":6},"end":{"line":175,"column":134}},"91":{"start":{"line":178,"column":6},"end":{"line":178,"column":97}},"92":{"start":{"line":182,"column":4},"end":{"line":182,"column":69}},"93":{"start":{"line":183,"column":4},"end":{"line":183,"column":121}}},"fnMap":{"0":{"name":"(anonymous_0)","decl":{"start":{"line":5,"column":25},"end":{"line":5,"column":26}},"loc":{"start":{"line":5,"column":54},"end":{"line":15,"column":1}},"line":5},"1":{"name":"(anonymous_1)","decl":{"start":{"line":17,"column":27},"end":{"line":17,"column":28}},"loc":{"start":{"line":17,"column":56},"end":{"line":35,"column":1}},"line":17},"2":{"name":"(anonymous_2)","decl":{"start":{"line":37,"column":24},"end":{"line":37,"column":25}},"loc":{"start":{"line":37,"column":53},"end":{"line":56,"column":1}},"line":37},"3":{"name":"(anonymous_3)","decl":{"start":{"line":58,"column":29},"end":{"line":58,"column":30}},"loc":{"start":{"line":58,"column":58},"end":{"line":113,"column":1}},"line":58},"4":{"name":"(anonymous_4)","decl":{"start":{"line":115,"column":23},"end":{"line":115,"column":24}},"loc":{"start":{"line":115,"column":52},"end":{"line":148,"column":1}},"line":115},"5":{"name":"(anonymous_5)","decl":{"start":{"line":150,"column":30},"end":{"line":150,"column":31}},"loc":{"start":{"line":150,"column":59},"end":{"line":185,"column":1}},"line":150}},"branchMap":{"0":{"loc":{"start":{"line":21,"column":2},"end":{"line":21,"column":48}},"type":"if","locations":[{"start":{"line":21,"column":2},"end":{"line":21,"column":48}},{"start":{},"end":{}}],"line":21},"1":{"loc":{"start":{"line":22,"column":2},"end":{"line":22,"column":42}},"type":"if","locations":[{"start":{"line":22,"column":2},"end":{"line":22,"column":42}},{"start":{},"end":{}}],"line":22},"2":{"loc":{"start":{"line":25,"column":4},"end":{"line":30,"column":5}},"type":"if","locations":[{"start":{"line":25,"column":4},"end":{"line":30,"column":5}},{"start":{},"end":{}}],"line":25},"3":{"loc":{"start":{"line":41,"column":4},"end":{"line":47,"column":5}},"type":"if","locations":[{"start":{"line":41,"column":4},"end":{"line":47,"column":5}},{"start":{},"end":{}}],"line":41},"4":{"loc":{"start":{"line":49,"column":4},"end":{"line":51,"column":5}},"type":"if","locations":[{"start":{"line":49,"column":4},"end":{"line":51,"column":5}},{"start":{},"end":{}}],"line":49},"5":{"loc":{"start":{"line":118,"column":2},"end":{"line":122,"column":3}},"type":"if","locations":[{"start":{"line":118,"column":2},"end":{"line":122,"column":3}},{"start":{},"end":{}}],"line":118},"6":{"loc":{"start":{"line":118,"column":6},"end":{"line":118,"column":40}},"type":"binary-expr","locations":[{"start":{"line":118,"column":6},"end":{"line":118,"column":11}},{"start":{"line":118,"column":15},"end":{"line":118,"column":21}},{"start":{"line":118,"column":25},"end":{"line":118,"column":31}},{"start":{"line":118,"column":35},"end":{"line":118,"column":40}}],"line":118},"7":{"loc":{"start":{"line":125,"column":4},"end":{"line":127,"column":5}},"type":"if","locations":[{"start":{"line":125,"column":4},"end":{"line":127,"column":5}},{"start":{},"end":{}}],"line":125},"8":{"loc":{"start":{"line":157,"column":4},"end":{"line":159,"column":5}},"type":"if","locations":[{"start":{"line":157,"column":4},"end":{"line":159,"column":5}},{"start":{},"end":{}}],"line":157},"9":{"loc":{"start":{"line":161,"column":4},"end":{"line":179,"column":5}},"type":"if","locations":[{"start":{"line":161,"column":4},"end":{"line":179,"column":5}},{"start":{"line":171,"column":11},"end":{"line":179,"column":5}}],"line":161},"10":{"loc":{"start":{"line":162,"column":6},"end":{"line":164,"column":7}},"type":"if","locations":[{"start":{"line":162,"column":6},"end":{"line":164,"column":7}},{"start":{},"end":{}}],"line":162},"11":{"loc":{"start":{"line":162,"column":10},"end":{"line":162,"column":66}},"type":"binary-expr","locations":[{"start":{"line":162,"column":10},"end":{"line":162,"column":16}},{"start":{"line":162,"column":20},"end":{"line":162,"column":66}}],"line":162},"12":{"loc":{"start":{"line":171,"column":11},"end":{"line":179,"column":5}},"type":"if","locations":[{"start":{"line":171,"column":11},"end":{"line":179,"column":5}},{"start":{"line":177,"column":11},"end":{"line":179,"column":5}}],"line":171}},"s":{"0":2,"1":2,"2":1,"3":1,"4":1,"5":1,"6":0,"7":2,"8":1,"9":1,"10":1,"11":1,"12":0,"13":1,"14":0,"15":1,"16":1,"17":1,"18":1,"19":1,"20":0,"21":0,"22":2,"23":2,"24":2,"25":2,"26":2,"27":1,"28":1,"29":1,"30":1,"31":0,"32":0,"33":2,"34":0,"35":0,"36":0,"37":0,"38":0,"39":0,"40":0,"41":0,"42":0,"43":0,"44":0,"45":0,"46":0,"47":0,"48":0,"49":0,"50":0,"51":0,"52":0,"53":0,"54":0,"55":0,"56":0,"57":2,"58":2,"59":2,"60":2,"61":0,"62":2,"63":2,"64":2,"65":1,"66":1,"67":1,"68":1,"69":1,"70":0,"71":2,"72":1,"73":1,"74":1,"75":1,"76":1,"77":1,"78":0,"79":1,"80":1,"81":0,"82":1,"83":1,"84":1,"85":1,"86":0,"87":0,"88":0,"89":0,"90":0,"91":0,"92":0,"93":0},"f":{"0":1,"1":1,"2":2,"3":0,"4":2,"5":1},"b":{"0":[0,1],"1":[0,1],"2":[1,0],"3":[1,1],"4":[1,0],"5":[0,2],"6":[2,2,2,2],"7":[1,1],"8":[0,1],"9":[1,0],"10":[0,1],"11":[1,1],"12":[0,0]},"_coverageSchema":"1a1c01bbd47fc00a2c39e90264f33305004495a9","hash":"100e75196db05bfcb3184ef2ce6b53198b256f3a"}
,"C:\\Users\\bruno\\OneDrive\\Documentos\\projeto_gestor_carreira\\gestor-carreira-backend\\src\\controladores\\assinatura.controlador.js": {"path":"C:\\Users\\bruno\\OneDrive\\Documentos\\projeto_gestor_carreira\\gestor-carreira-backend\\src\\controladores\\assinatura.controlador.js","statementMap":{"0":{"start":{"line":5,"column":15},"end":{"line":5,"column":63}},"1":{"start":{"line":6,"column":21},"end":{"line":11,"column":1}},"2":{"start":{"line":13,"column":0},"end":{"line":44,"column":2}},"3":{"start":{"line":14,"column":22},"end":{"line":14,"column":30}},"4":{"start":{"line":15,"column":20},"end":{"line":15,"column":34}},"5":{"start":{"line":19,"column":22},"end":{"line":19,"column":83}},"6":{"start":{"line":20,"column":21},"end":{"line":20,"column":61}},"7":{"start":{"line":22,"column":2},"end":{"line":43,"column":3}},"8":{"start":{"line":23,"column":4},"end":{"line":25,"column":5}},"9":{"start":{"line":24,"column":8},"end":{"line":24,"column":94}},"10":{"start":{"line":27,"column":20},"end":{"line":37,"column":6}},"11":{"start":{"line":39,"column":4},"end":{"line":39,"column":42}},"12":{"start":{"line":41,"column":4},"end":{"line":41,"column":88}},"13":{"start":{"line":42,"column":4},"end":{"line":42,"column":87}},"14":{"start":{"line":47,"column":0},"end":{"line":83,"column":2}},"15":{"start":{"line":48,"column":22},"end":{"line":48,"column":36}},"16":{"start":{"line":49,"column":24},"end":{"line":49,"column":32}},"17":{"start":{"line":50,"column":20},"end":{"line":50,"column":34}},"18":{"start":{"line":52,"column":2},"end":{"line":82,"column":3}},"19":{"start":{"line":53,"column":20},"end":{"line":53,"column":53}},"20":{"start":{"line":55,"column":4},"end":{"line":57,"column":5}},"21":{"start":{"line":56,"column":6},"end":{"line":56,"column":75}},"22":{"start":{"line":58,"column":4},"end":{"line":60,"column":5}},"23":{"start":{"line":59,"column":6},"end":{"line":59,"column":98}},"24":{"start":{"line":61,"column":4},"end":{"line":63,"column":5}},"25":{"start":{"line":62,"column":6},"end":{"line":62,"column":67}},"26":{"start":{"line":64,"column":4},"end":{"line":66,"column":5}},"27":{"start":{"line":65,"column":6},"end":{"line":65,"column":77}},"28":{"start":{"line":68,"column":4},"end":{"line":70,"column":7}},"29":{"start":{"line":72,"column":44},"end":{"line":72,"column":72}},"30":{"start":{"line":74,"column":4},"end":{"line":77,"column":7}},"31":{"start":{"line":80,"column":4},"end":{"line":80,"column":52}},"32":{"start":{"line":81,"column":4},"end":{"line":81,"column":104}},"33":{"start":{"line":86,"column":0},"end":{"line":131,"column":2}},"34":{"start":{"line":87,"column":22},"end":{"line":87,"column":36}},"35":{"start":{"line":88,"column":20},"end":{"line":88,"column":34}},"36":{"start":{"line":90,"column":2},"end":{"line":130,"column":3}},"37":{"start":{"line":91,"column":20},"end":{"line":91,"column":53}},"38":{"start":{"line":92,"column":23},"end":{"line":92,"column":49}},"39":{"start":{"line":95,"column":4},"end":{"line":103,"column":5}},"40":{"start":{"line":96,"column":6},"end":{"line":96,"column":96}},"41":{"start":{"line":97,"column":25},"end":{"line":97,"column":68}},"42":{"start":{"line":98,"column":28},"end":{"line":101,"column":8}},"43":{"start":{"line":102,"column":6},"end":{"line":102,"column":50}},"44":{"start":{"line":106,"column":4},"end":{"line":123,"column":5}},"45":{"start":{"line":107,"column":6},"end":{"line":107,"column":117}},"46":{"start":{"line":109,"column":22},"end":{"line":109,"column":49}},"47":{"start":{"line":110,"column":6},"end":{"line":112,"column":7}},"48":{"start":{"line":111,"column":8},"end":{"line":111,"column":102}},"49":{"start":{"line":114,"column":22},"end":{"line":121,"column":8}},"50":{"start":{"line":122,"column":6},"end":{"line":122,"column":44}},"51":{"start":{"line":126,"column":4},"end":{"line":126,"column":103}},"52":{"start":{"line":129,"column":4},"end":{"line":129,"column":16}}},"fnMap":{"0":{"name":"(anonymous_0)","decl":{"start":{"line":13,"column":30},"end":{"line":13,"column":31}},"loc":{"start":{"line":13,"column":59},"end":{"line":44,"column":1}},"line":13},"1":{"name":"(anonymous_1)","decl":{"start":{"line":47,"column":22},"end":{"line":47,"column":23}},"loc":{"start":{"line":47,"column":51},"end":{"line":83,"column":1}},"line":47},"2":{"name":"(anonymous_2)","decl":{"start":{"line":86,"column":28},"end":{"line":86,"column":29}},"loc":{"start":{"line":86,"column":63},"end":{"line":131,"column":1}},"line":86}},"branchMap":{"0":{"loc":{"start":{"line":23,"column":4},"end":{"line":25,"column":5}},"type":"if","locations":[{"start":{"line":23,"column":4},"end":{"line":25,"column":5}},{"start":{},"end":{}}],"line":23},"1":{"loc":{"start":{"line":55,"column":4},"end":{"line":57,"column":5}},"type":"if","locations":[{"start":{"line":55,"column":4},"end":{"line":57,"column":5}},{"start":{},"end":{}}],"line":55},"2":{"loc":{"start":{"line":58,"column":4},"end":{"line":60,"column":5}},"type":"if","locations":[{"start":{"line":58,"column":4},"end":{"line":60,"column":5}},{"start":{},"end":{}}],"line":58},"3":{"loc":{"start":{"line":61,"column":4},"end":{"line":63,"column":5}},"type":"if","locations":[{"start":{"line":61,"column":4},"end":{"line":63,"column":5}},{"start":{},"end":{}}],"line":61},"4":{"loc":{"start":{"line":61,"column":8},"end":{"line":61,"column":64}},"type":"binary-expr","locations":[{"start":{"line":61,"column":8},"end":{"line":61,"column":18}},{"start":{"line":61,"column":22},"end":{"line":61,"column":64}}],"line":61},"5":{"loc":{"start":{"line":64,"column":4},"end":{"line":66,"column":5}},"type":"if","locations":[{"start":{"line":64,"column":4},"end":{"line":66,"column":5}},{"start":{},"end":{}}],"line":64},"6":{"loc":{"start":{"line":95,"column":4},"end":{"line":103,"column":5}},"type":"if","locations":[{"start":{"line":95,"column":4},"end":{"line":103,"column":5}},{"start":{},"end":{}}],"line":95},"7":{"loc":{"start":{"line":106,"column":4},"end":{"line":123,"column":5}},"type":"if","locations":[{"start":{"line":106,"column":4},"end":{"line":123,"column":5}},{"start":{},"end":{}}],"line":106},"8":{"loc":{"start":{"line":110,"column":6},"end":{"line":112,"column":7}},"type":"if","locations":[{"start":{"line":110,"column":6},"end":{"line":112,"column":7}},{"start":{},"end":{}}],"line":110}},"s":{"0":1,"1":1,"2":1,"3":1,"4":1,"5":1,"6":1,"7":1,"8":1,"9":0,"10":1,"11":1,"12":0,"13":0,"14":1,"15":1,"16":1,"17":1,"18":1,"19":1,"20":1,"21":0,"22":1,"23":0,"24":1,"25":0,"26":1,"27":0,"28":1,"29":1,"30":1,"31":0,"32":0,"33":1,"34":2,"35":2,"36":2,"37":2,"38":2,"39":2,"40":1,"41":1,"42":1,"43":1,"44":1,"45":1,"46":1,"47":1,"48":0,"49":1,"50":1,"51":0,"52":0},"f":{"0":1,"1":1,"2":2},"b":{"0":[0,1],"1":[0,1],"2":[0,1],"3":[0,1],"4":[1,1],"5":[0,1],"6":[1,1],"7":[1,0],"8":[0,1]},"_coverageSchema":"1a1c01bbd47fc00a2c39e90264f33305004495a9","hash":"af3a91ef81f8a357219d34e6c3d0c18ae6d6773c"}
,"C:\\Users\\bruno\\OneDrive\\Documentos\\projeto_gestor_carreira\\gestor-carreira-backend\\src\\controladores\\compromisso.controlador.js": {"path":"C:\\Users\\bruno\\OneDrive\\Documentos\\projeto_gestor_carreira\\gestor-carreira-backend\\src\\controladores\\compromisso.controlador.js","statementMap":{"0":{"start":{"line":2,"column":15},"end":{"line":2,"column":35}},"1":{"start":{"line":3,"column":25},"end":{"line":3,"column":68}},"2":{"start":{"line":4,"column":27},"end":{"line":4,"column":72}},"3":{"start":{"line":5,"column":24},"end":{"line":5,"column":66}},"4":{"start":{"line":7,"column":0},"end":{"line":37,"column":2}},"5":{"start":{"line":8,"column":26},"end":{"line":8,"column":40}},"6":{"start":{"line":11,"column":6},"end":{"line":11,"column":14}},"7":{"start":{"line":12,"column":20},"end":{"line":12,"column":34}},"8":{"start":{"line":13,"column":26},"end":{"line":13,"column":89}},"9":{"start":{"line":15,"column":2},"end":{"line":36,"column":3}},"10":{"start":{"line":16,"column":28},"end":{"line":23,"column":6}},"11":{"start":{"line":25,"column":4},"end":{"line":25,"column":101}},"12":{"start":{"line":27,"column":4},"end":{"line":31,"column":5}},"13":{"start":{"line":28,"column":6},"end":{"line":28,"column":60}},"14":{"start":{"line":29,"column":6},"end":{"line":29,"column":87}},"15":{"start":{"line":30,"column":6},"end":{"line":30,"column":37}},"16":{"start":{"line":33,"column":4},"end":{"line":33,"column":49}},"17":{"start":{"line":35,"column":4},"end":{"line":35,"column":15}},"18":{"start":{"line":39,"column":0},"end":{"line":74,"column":2}},"19":{"start":{"line":40,"column":26},"end":{"line":40,"column":40}},"20":{"start":{"line":41,"column":26},"end":{"line":41,"column":53}},"21":{"start":{"line":42,"column":20},"end":{"line":42,"column":34}},"22":{"start":{"line":43,"column":21},"end":{"line":43,"column":29}},"23":{"start":{"line":45,"column":2},"end":{"line":47,"column":3}},"24":{"start":{"line":46,"column":4},"end":{"line":46,"column":34}},"25":{"start":{"line":49,"column":2},"end":{"line":49,"column":56}},"26":{"start":{"line":51,"column":2},"end":{"line":73,"column":3}},"27":{"start":{"line":52,"column":24},"end":{"line":52,"column":107}},"28":{"start":{"line":53,"column":4},"end":{"line":55,"column":5}},"29":{"start":{"line":54,"column":6},"end":{"line":54,"column":79}},"30":{"start":{"line":57,"column":4},"end":{"line":57,"column":41}},"31":{"start":{"line":59,"column":27},"end":{"line":59,"column":53}},"32":{"start":{"line":60,"column":18},"end":{"line":60,"column":28}},"33":{"start":{"line":62,"column":4},"end":{"line":67,"column":5}},"34":{"start":{"line":63,"column":6},"end":{"line":65,"column":7}},"35":{"start":{"line":64,"column":8},"end":{"line":64,"column":58}},"36":{"start":{"line":66,"column":6},"end":{"line":66,"column":77}},"37":{"start":{"line":69,"column":4},"end":{"line":69,"column":31}},"38":{"start":{"line":70,"column":4},"end":{"line":70,"column":45}},"39":{"start":{"line":72,"column":4},"end":{"line":72,"column":15}},"40":{"start":{"line":76,"column":0},"end":{"line":95,"column":2}},"41":{"start":{"line":77,"column":35},"end":{"line":77,"column":49}},"42":{"start":{"line":78,"column":20},"end":{"line":78,"column":34}},"43":{"start":{"line":80,"column":2},"end":{"line":94,"column":3}},"44":{"start":{"line":81,"column":25},"end":{"line":89,"column":6}},"45":{"start":{"line":90,"column":4},"end":{"line":90,"column":46}},"46":{"start":{"line":92,"column":4},"end":{"line":92,"column":56}},"47":{"start":{"line":93,"column":4},"end":{"line":93,"column":78}},"48":{"start":{"line":97,"column":0},"end":{"line":125,"column":2}},"49":{"start":{"line":98,"column":35},"end":{"line":98,"column":49}},"50":{"start":{"line":99,"column":26},"end":{"line":99,"column":53}},"51":{"start":{"line":100,"column":20},"end":{"line":100,"column":34}},"52":{"start":{"line":102,"column":2},"end":{"line":104,"column":3}},"53":{"start":{"line":103,"column":4},"end":{"line":103,"column":73}},"54":{"start":{"line":106,"column":2},"end":{"line":124,"column":3}},"55":{"start":{"line":107,"column":24},"end":{"line":114,"column":6}},"56":{"start":{"line":116,"column":4},"end":{"line":118,"column":5}},"57":{"start":{"line":117,"column":6},"end":{"line":117,"column":79}},"58":{"start":{"line":120,"column":4},"end":{"line":120,"column":45}},"59":{"start":{"line":122,"column":4},"end":{"line":122,"column":55}},"60":{"start":{"line":123,"column":4},"end":{"line":123,"column":78}},"61":{"start":{"line":127,"column":0},"end":{"line":145,"column":2}},"62":{"start":{"line":128,"column":26},"end":{"line":128,"column":40}},"63":{"start":{"line":129,"column":26},"end":{"line":129,"column":53}},"64":{"start":{"line":130,"column":20},"end":{"line":130,"column":34}},"65":{"start":{"line":132,"column":2},"end":{"line":144,"column":3}},"66":{"start":{"line":133,"column":24},"end":{"line":135,"column":6}},"67":{"start":{"line":136,"column":4},"end":{"line":138,"column":5}},"68":{"start":{"line":137,"column":6},"end":{"line":137,"column":106}},"69":{"start":{"line":139,"column":4},"end":{"line":139,"column":32}},"70":{"start":{"line":140,"column":4},"end":{"line":140,"column":34}},"71":{"start":{"line":142,"column":4},"end":{"line":142,"column":55}},"72":{"start":{"line":143,"column":4},"end":{"line":143,"column":94}},"73":{"start":{"line":147,"column":0},"end":{"line":168,"column":2}},"74":{"start":{"line":148,"column":26},"end":{"line":148,"column":40}},"75":{"start":{"line":149,"column":20},"end":{"line":149,"column":34}},"76":{"start":{"line":151,"column":2},"end":{"line":167,"column":3}},"77":{"start":{"line":152,"column":33},"end":{"line":162,"column":6}},"78":{"start":{"line":163,"column":4},"end":{"line":163,"column":54}},"79":{"start":{"line":165,"column":4},"end":{"line":165,"column":65}},"80":{"start":{"line":166,"column":4},"end":{"line":166,"column":78}},"81":{"start":{"line":170,"column":0},"end":{"line":197,"column":2}},"82":{"start":{"line":171,"column":28},"end":{"line":171,"column":42}},"83":{"start":{"line":172,"column":19},"end":{"line":172,"column":29}},"84":{"start":{"line":173,"column":22},"end":{"line":173,"column":36}},"85":{"start":{"line":175,"column":29},"end":{"line":175,"column":37}},"86":{"start":{"line":178,"column":4},"end":{"line":180,"column":5}},"87":{"start":{"line":179,"column":8},"end":{"line":179,"column":99}},"88":{"start":{"line":182,"column":4},"end":{"line":196,"column":5}},"89":{"start":{"line":183,"column":28},"end":{"line":183,"column":95}},"90":{"start":{"line":184,"column":8},"end":{"line":186,"column":9}},"91":{"start":{"line":185,"column":12},"end":{"line":185,"column":85}},"92":{"start":{"line":188,"column":8},"end":{"line":188,"column":57}},"93":{"start":{"line":189,"column":8},"end":{"line":189,"column":130}},"94":{"start":{"line":192,"column":8},"end":{"line":192,"column":90}},"95":{"start":{"line":195,"column":8},"end":{"line":195,"column":20}}},"fnMap":{"0":{"name":"(anonymous_0)","decl":{"start":{"line":7,"column":16},"end":{"line":7,"column":17}},"loc":{"start":{"line":7,"column":51},"end":{"line":37,"column":1}},"line":7},"1":{"name":"(anonymous_1)","decl":{"start":{"line":39,"column":20},"end":{"line":39,"column":21}},"loc":{"start":{"line":39,"column":55},"end":{"line":74,"column":1}},"line":39},"2":{"name":"(anonymous_2)","decl":{"start":{"line":76,"column":17},"end":{"line":76,"column":18}},"loc":{"start":{"line":76,"column":46},"end":{"line":95,"column":1}},"line":76},"3":{"name":"(anonymous_3)","decl":{"start":{"line":97,"column":22},"end":{"line":97,"column":23}},"loc":{"start":{"line":97,"column":51},"end":{"line":125,"column":1}},"line":97},"4":{"name":"(anonymous_4)","decl":{"start":{"line":127,"column":17},"end":{"line":127,"column":18}},"loc":{"start":{"line":127,"column":46},"end":{"line":145,"column":1}},"line":127},"5":{"name":"(anonymous_5)","decl":{"start":{"line":147,"column":19},"end":{"line":147,"column":20}},"loc":{"start":{"line":147,"column":48},"end":{"line":168,"column":1}},"line":147},"6":{"name":"(anonymous_6)","decl":{"start":{"line":170,"column":24},"end":{"line":170,"column":25}},"loc":{"start":{"line":170,"column":59},"end":{"line":197,"column":1}},"line":170}},"branchMap":{"0":{"loc":{"start":{"line":13,"column":26},"end":{"line":13,"column":89}},"type":"cond-expr","locations":[{"start":{"line":13,"column":71},"end":{"line":13,"column":75}},{"start":{"line":13,"column":78},"end":{"line":13,"column":89}}],"line":13},"1":{"loc":{"start":{"line":13,"column":26},"end":{"line":13,"column":68}},"type":"binary-expr","locations":[{"start":{"line":13,"column":26},"end":{"line":13,"column":44}},{"start":{"line":13,"column":48},"end":{"line":13,"column":68}}],"line":13},"2":{"loc":{"start":{"line":21,"column":18},"end":{"line":21,"column":36}},"type":"binary-expr","locations":[{"start":{"line":21,"column":18},"end":{"line":21,"column":28}},{"start":{"line":21,"column":32},"end":{"line":21,"column":36}}],"line":21},"3":{"loc":{"start":{"line":27,"column":4},"end":{"line":31,"column":5}},"type":"if","locations":[{"start":{"line":27,"column":4},"end":{"line":31,"column":5}},{"start":{},"end":{}}],"line":27},"4":{"loc":{"start":{"line":45,"column":2},"end":{"line":47,"column":3}},"type":"if","locations":[{"start":{"line":45,"column":2},"end":{"line":47,"column":3}},{"start":{},"end":{}}],"line":45},"5":{"loc":{"start":{"line":45,"column":6},"end":{"line":45,"column":70}},"type":"binary-expr","locations":[{"start":{"line":45,"column":6},"end":{"line":45,"column":35}},{"start":{"line":45,"column":39},"end":{"line":45,"column":70}}],"line":45},"6":{"loc":{"start":{"line":49,"column":26},"end":{"line":49,"column":55}},"type":"binary-expr","locations":[{"start":{"line":49,"column":26},"end":{"line":49,"column":47}},{"start":{"line":49,"column":51},"end":{"line":49,"column":55}}],"line":49},"7":{"loc":{"start":{"line":53,"column":4},"end":{"line":55,"column":5}},"type":"if","locations":[{"start":{"line":53,"column":4},"end":{"line":55,"column":5}},{"start":{},"end":{}}],"line":53},"8":{"loc":{"start":{"line":62,"column":4},"end":{"line":67,"column":5}},"type":"if","locations":[{"start":{"line":62,"column":4},"end":{"line":67,"column":5}},{"start":{},"end":{}}],"line":62},"9":{"loc":{"start":{"line":62,"column":8},"end":{"line":62,"column":106}},"type":"binary-expr","locations":[{"start":{"line":62,"column":8},"end":{"line":62,"column":41}},{"start":{"line":62,"column":46},"end":{"line":62,"column":68}},{"start":{"line":62,"column":72},"end":{"line":62,"column":105}}],"line":62},"10":{"loc":{"start":{"line":63,"column":6},"end":{"line":65,"column":7}},"type":"if","locations":[{"start":{"line":63,"column":6},"end":{"line":65,"column":7}},{"start":{},"end":{}}],"line":63},"11":{"loc":{"start":{"line":102,"column":2},"end":{"line":104,"column":3}},"type":"if","locations":[{"start":{"line":102,"column":2},"end":{"line":104,"column":3}},{"start":{},"end":{}}],"line":102},"12":{"loc":{"start":{"line":116,"column":4},"end":{"line":118,"column":5}},"type":"if","locations":[{"start":{"line":116,"column":4},"end":{"line":118,"column":5}},{"start":{},"end":{}}],"line":116},"13":{"loc":{"start":{"line":136,"column":4},"end":{"line":138,"column":5}},"type":"if","locations":[{"start":{"line":136,"column":4},"end":{"line":138,"column":5}},{"start":{},"end":{}}],"line":136},"14":{"loc":{"start":{"line":178,"column":4},"end":{"line":180,"column":5}},"type":"if","locations":[{"start":{"line":178,"column":4},"end":{"line":180,"column":5}},{"start":{},"end":{}}],"line":178},"15":{"loc":{"start":{"line":178,"column":8},"end":{"line":178,"column":186}},"type":"binary-expr","locations":[{"start":{"line":178,"column":8},"end":{"line":178,"column":30}},{"start":{"line":178,"column":34},"end":{"line":178,"column":55}},{"start":{"line":178,"column":59},"end":{"line":178,"column":83}},{"start":{"line":178,"column":87},"end":{"line":178,"column":120}},{"start":{"line":178,"column":124},"end":{"line":178,"column":153}},{"start":{"line":178,"column":157},"end":{"line":178,"column":186}}],"line":178},"16":{"loc":{"start":{"line":184,"column":8},"end":{"line":186,"column":9}},"type":"if","locations":[{"start":{"line":184,"column":8},"end":{"line":186,"column":9}},{"start":{},"end":{}}],"line":184}},"s":{"0":2,"1":2,"2":2,"3":2,"4":2,"5":7,"6":7,"7":7,"8":7,"9":7,"10":7,"11":7,"12":7,"13":7,"14":7,"15":7,"16":7,"17":0,"18":2,"19":2,"20":2,"21":2,"22":2,"23":2,"24":0,"25":2,"26":2,"27":2,"28":2,"29":1,"30":1,"31":1,"32":1,"33":1,"34":1,"35":0,"36":1,"37":1,"38":1,"39":0,"40":2,"41":1,"42":1,"43":1,"44":1,"45":1,"46":0,"47":0,"48":2,"49":1,"50":1,"51":1,"52":1,"53":0,"54":1,"55":1,"56":1,"57":1,"58":0,"59":0,"60":0,"61":2,"62":1,"63":1,"64":1,"65":1,"66":1,"67":1,"68":0,"69":1,"70":1,"71":0,"72":0,"73":2,"74":0,"75":0,"76":0,"77":0,"78":0,"79":0,"80":0,"81":2,"82":1,"83":1,"84":1,"85":1,"86":1,"87":0,"88":1,"89":1,"90":1,"91":0,"92":1,"93":1,"94":1,"95":0},"f":{"0":7,"1":2,"2":1,"3":1,"4":1,"5":0,"6":1},"b":{"0":[0,7],"1":[7,7],"2":[7,7],"3":[7,0],"4":[0,2],"5":[2,2],"6":[2,2],"7":[1,1],"8":[1,0],"9":[1,0,0],"10":[0,1],"11":[0,1],"12":[1,0],"13":[0,1],"14":[0,1],"15":[1,1,1,1,1,1],"16":[0,1]},"_coverageSchema":"1a1c01bbd47fc00a2c39e90264f33305004495a9","hash":"74f519f54bb0217eb799e2ba31ae8b74085af856"}
,"C:\\Users\\bruno\\OneDrive\\Documentos\\projeto_gestor_carreira\\gestor-carreira-backend\\src\\controladores\\conquista.controlador.js": {"path":"C:\\Users\\bruno\\OneDrive\\Documentos\\projeto_gestor_carreira\\gestor-carreira-backend\\src\\controladores\\conquista.controlador.js","statementMap":{"0":{"start":{"line":2,"column":25},"end":{"line":2,"column":65}},"1":{"start":{"line":4,"column":0},"end":{"line":83,"column":2}},"2":{"start":{"line":5,"column":33},"end":{"line":5,"column":47}},"3":{"start":{"line":6,"column":20},"end":{"line":6,"column":34}},"4":{"start":{"line":8,"column":2},"end":{"line":8,"column":96}},"5":{"start":{"line":10,"column":2},"end":{"line":82,"column":3}},"6":{"start":{"line":11,"column":31},"end":{"line":11,"column":84}},"7":{"start":{"line":13,"column":33},"end":{"line":20,"column":6}},"8":{"start":{"line":22,"column":32},"end":{"line":22,"column":41}},"9":{"start":{"line":23,"column":4},"end":{"line":30,"column":5}},"10":{"start":{"line":24,"column":6},"end":{"line":29,"column":9}},"11":{"start":{"line":25,"column":8},"end":{"line":28,"column":11}},"12":{"start":{"line":32,"column":38},"end":{"line":32,"column":40}},"13":{"start":{"line":33,"column":4},"end":{"line":63,"column":5}},"14":{"start":{"line":34,"column":28},"end":{"line":34,"column":73}},"15":{"start":{"line":35,"column":27},"end":{"line":35,"column":55}},"16":{"start":{"line":37,"column":28},"end":{"line":37,"column":80}},"17":{"start":{"line":39,"column":27},"end":{"line":39,"column":28}},"18":{"start":{"line":40,"column":27},"end":{"line":40,"column":64}},"19":{"start":{"line":42,"column":6},"end":{"line":50,"column":7}},"20":{"start":{"line":43,"column":8},"end":{"line":43,"column":124}},"21":{"start":{"line":44,"column":8},"end":{"line":44,"column":66}},"22":{"start":{"line":45,"column":13},"end":{"line":50,"column":7}},"23":{"start":{"line":46,"column":8},"end":{"line":46,"column":40}},"24":{"start":{"line":47,"column":13},"end":{"line":50,"column":7}},"25":{"start":{"line":48,"column":8},"end":{"line":48,"column":27}},"26":{"start":{"line":49,"column":8},"end":{"line":49,"column":27}},"27":{"start":{"line":52,"column":35},"end":{"line":52,"column":99}},"28":{"start":{"line":54,"column":6},"end":{"line":62,"column":9}},"29":{"start":{"line":65,"column":4},"end":{"line":75,"column":7}},"30":{"start":{"line":66,"column":8},"end":{"line":68,"column":9}},"31":{"start":{"line":67,"column":12},"end":{"line":67,"column":43}},"32":{"start":{"line":69,"column":8},"end":{"line":73,"column":9}},"33":{"start":{"line":70,"column":12},"end":{"line":70,"column":91}},"34":{"start":{"line":70,"column":82},"end":{"line":70,"column":91}},"35":{"start":{"line":71,"column":12},"end":{"line":71,"column":92}},"36":{"start":{"line":71,"column":82},"end":{"line":71,"column":92}},"37":{"start":{"line":72,"column":12},"end":{"line":72,"column":69}},"38":{"start":{"line":74,"column":8},"end":{"line":74,"column":44}},"39":{"start":{"line":77,"column":4},"end":{"line":77,"column":59}},"40":{"start":{"line":80,"column":4},"end":{"line":80,"column":68}},"41":{"start":{"line":81,"column":4},"end":{"line":81,"column":78}},"42":{"start":{"line":86,"column":0},"end":{"line":116,"column":2}},"43":{"start":{"line":87,"column":44},"end":{"line":87,"column":58}},"44":{"start":{"line":88,"column":22},"end":{"line":88,"column":36}},"45":{"start":{"line":90,"column":4},"end":{"line":115,"column":5}},"46":{"start":{"line":91,"column":35},"end":{"line":100,"column":10}},"47":{"start":{"line":103,"column":35},"end":{"line":108,"column":11}},"48":{"start":{"line":103,"column":65},"end":{"line":108,"column":9}},"49":{"start":{"line":110,"column":8},"end":{"line":110,"column":56}},"50":{"start":{"line":113,"column":8},"end":{"line":113,"column":67}},"51":{"start":{"line":114,"column":8},"end":{"line":114,"column":82}}},"fnMap":{"0":{"name":"(anonymous_0)","decl":{"start":{"line":4,"column":39},"end":{"line":4,"column":40}},"loc":{"start":{"line":4,"column":68},"end":{"line":83,"column":1}},"line":4},"1":{"name":"(anonymous_1)","decl":{"start":{"line":24,"column":46},"end":{"line":24,"column":47}},"loc":{"start":{"line":24,"column":71},"end":{"line":29,"column":7}},"line":24},"2":{"name":"(anonymous_2)","decl":{"start":{"line":65,"column":35},"end":{"line":65,"column":36}},"loc":{"start":{"line":65,"column":45},"end":{"line":75,"column":5}},"line":65},"3":{"name":"(anonymous_3)","decl":{"start":{"line":86,"column":19},"end":{"line":86,"column":20}},"loc":{"start":{"line":86,"column":48},"end":{"line":116,"column":1}},"line":86},"4":{"name":"(anonymous_4)","decl":{"start":{"line":103,"column":58},"end":{"line":103,"column":59}},"loc":{"start":{"line":103,"column":65},"end":{"line":108,"column":9}},"line":103}},"branchMap":{"0":{"loc":{"start":{"line":23,"column":4},"end":{"line":30,"column":5}},"type":"if","locations":[{"start":{"line":23,"column":4},"end":{"line":30,"column":5}},{"start":{},"end":{}}],"line":23},"1":{"loc":{"start":{"line":23,"column":8},"end":{"line":23,"column":63}},"type":"binary-expr","locations":[{"start":{"line":23,"column":8},"end":{"line":23,"column":28}},{"start":{"line":23,"column":32},"end":{"line":23,"column":63}}],"line":23},"2":{"loc":{"start":{"line":35,"column":27},"end":{"line":35,"column":55}},"type":"cond-expr","locations":[{"start":{"line":35,"column":43},"end":{"line":35,"column":47}},{"start":{"line":35,"column":50},"end":{"line":35,"column":55}}],"line":35},"3":{"loc":{"start":{"line":40,"column":27},"end":{"line":40,"column":64}},"type":"binary-expr","locations":[{"start":{"line":40,"column":27},"end":{"line":40,"column":59}},{"start":{"line":40,"column":63},"end":{"line":40,"column":64}}],"line":40},"4":{"loc":{"start":{"line":42,"column":6},"end":{"line":50,"column":7}},"type":"if","locations":[{"start":{"line":42,"column":6},"end":{"line":50,"column":7}},{"start":{"line":45,"column":13},"end":{"line":50,"column":7}}],"line":42},"5":{"loc":{"start":{"line":42,"column":10},"end":{"line":42,"column":54}},"type":"binary-expr","locations":[{"start":{"line":42,"column":10},"end":{"line":42,"column":23}},{"start":{"line":42,"column":27},"end":{"line":42,"column":54}}],"line":42},"6":{"loc":{"start":{"line":45,"column":13},"end":{"line":50,"column":7}},"type":"if","locations":[{"start":{"line":45,"column":13},"end":{"line":50,"column":7}},{"start":{"line":47,"column":13},"end":{"line":50,"column":7}}],"line":45},"7":{"loc":{"start":{"line":47,"column":13},"end":{"line":50,"column":7}},"type":"if","locations":[{"start":{"line":47,"column":13},"end":{"line":50,"column":7}},{"start":{},"end":{}}],"line":47},"8":{"loc":{"start":{"line":47,"column":17},"end":{"line":47,"column":61}},"type":"binary-expr","locations":[{"start":{"line":47,"column":17},"end":{"line":47,"column":44}},{"start":{"line":47,"column":48},"end":{"line":47,"column":61}}],"line":47},"9":{"loc":{"start":{"line":52,"column":35},"end":{"line":52,"column":99}},"type":"cond-expr","locations":[{"start":{"line":52,"column":56},"end":{"line":52,"column":95}},{"start":{"line":52,"column":98},"end":{"line":52,"column":99}}],"line":52},"10":{"loc":{"start":{"line":66,"column":8},"end":{"line":68,"column":9}},"type":"if","locations":[{"start":{"line":66,"column":8},"end":{"line":68,"column":9}},{"start":{},"end":{}}],"line":66},"11":{"loc":{"start":{"line":67,"column":19},"end":{"line":67,"column":42}},"type":"cond-expr","locations":[{"start":{"line":67,"column":36},"end":{"line":67,"column":38}},{"start":{"line":67,"column":41},"end":{"line":67,"column":42}}],"line":67},"12":{"loc":{"start":{"line":69,"column":8},"end":{"line":73,"column":9}},"type":"if","locations":[{"start":{"line":69,"column":8},"end":{"line":73,"column":9}},{"start":{},"end":{}}],"line":69},"13":{"loc":{"start":{"line":69,"column":12},"end":{"line":69,"column":46}},"type":"binary-expr","locations":[{"start":{"line":69,"column":12},"end":{"line":69,"column":27}},{"start":{"line":69,"column":31},"end":{"line":69,"column":46}}],"line":69},"14":{"loc":{"start":{"line":70,"column":12},"end":{"line":70,"column":91}},"type":"if","locations":[{"start":{"line":70,"column":12},"end":{"line":70,"column":91}},{"start":{},"end":{}}],"line":70},"15":{"loc":{"start":{"line":70,"column":16},"end":{"line":70,"column":80}},"type":"binary-expr","locations":[{"start":{"line":70,"column":16},"end":{"line":70,"column":46}},{"start":{"line":70,"column":50},"end":{"line":70,"column":80}}],"line":70},"16":{"loc":{"start":{"line":71,"column":12},"end":{"line":71,"column":92}},"type":"if","locations":[{"start":{"line":71,"column":12},"end":{"line":71,"column":92}},{"start":{},"end":{}}],"line":71},"17":{"loc":{"start":{"line":71,"column":16},"end":{"line":71,"column":80}},"type":"binary-expr","locations":[{"start":{"line":71,"column":16},"end":{"line":71,"column":46}},{"start":{"line":71,"column":50},"end":{"line":71,"column":80}}],"line":71}},"s":{"0":1,"1":1,"2":3,"3":3,"4":3,"5":3,"6":3,"7":3,"8":3,"9":3,"10":3,"11":5,"12":3,"13":3,"14":90,"15":90,"16":90,"17":90,"18":90,"19":90,"20":63,"21":63,"22":27,"23":5,"24":22,"25":22,"26":22,"27":90,"28":90,"29":3,"30":322,"31":24,"32":298,"33":296,"34":28,"35":268,"36":88,"37":180,"38":2,"39":3,"40":0,"41":0,"42":1,"43":0,"44":0,"45":0,"46":0,"47":0,"48":0,"49":0,"50":0,"51":0},"f":{"0":3,"1":5,"2":322,"3":0,"4":0},"b":{"0":[3,0],"1":[3,3],"2":[5,85],"3":[90,0],"4":[63,27],"5":[90,85],"6":[5,22],"7":[22,0],"8":[22,22],"9":[90,0],"10":[24,298],"11":[21,3],"12":[296,2],"13":[298,296],"14":[28,268],"15":[296,68],"16":[88,180],"17":[268,228]},"_coverageSchema":"1a1c01bbd47fc00a2c39e90264f33305004495a9","hash":"9c64ca5bcd11dd9ccaf4642ed97a35e27e18ee7f"}
,"C:\\Users\\bruno\\OneDrive\\Documentos\\projeto_gestor_carreira\\gestor-carreira-backend\\src\\controladores\\contato.controlador.js": {"path":"C:\\Users\\bruno\\OneDrive\\Documentos\\projeto_gestor_carreira\\gestor-carreira-backend\\src\\controladores\\contato.controlador.js","statementMap":{"0":{"start":{"line":2,"column":25},"end":{"line":2,"column":65}},"1":{"start":{"line":4,"column":0},"end":{"line":20,"column":2}},"2":{"start":{"line":5,"column":22},"end":{"line":5,"column":36}},"3":{"start":{"line":6,"column":44},"end":{"line":6,"column":52}},"4":{"start":{"line":7,"column":20},"end":{"line":7,"column":34}},"5":{"start":{"line":8,"column":2},"end":{"line":19,"column":3}},"6":{"start":{"line":9,"column":24},"end":{"line":9,"column":102}},"7":{"start":{"line":13,"column":4},"end":{"line":13,"column":97}},"8":{"start":{"line":15,"column":4},"end":{"line":15,"column":45}},"9":{"start":{"line":17,"column":4},"end":{"line":17,"column":50}},"10":{"start":{"line":18,"column":4},"end":{"line":18,"column":72}},"11":{"start":{"line":22,"column":0},"end":{"line":32,"column":2}},"12":{"start":{"line":23,"column":22},"end":{"line":23,"column":36}},"13":{"start":{"line":24,"column":20},"end":{"line":24,"column":34}},"14":{"start":{"line":25,"column":2},"end":{"line":31,"column":3}},"15":{"start":{"line":26,"column":21},"end":{"line":26,"column":106}},"16":{"start":{"line":27,"column":4},"end":{"line":27,"column":42}},"17":{"start":{"line":29,"column":4},"end":{"line":29,"column":52}},"18":{"start":{"line":30,"column":4},"end":{"line":30,"column":78}},"19":{"start":{"line":34,"column":0},"end":{"line":48,"column":2}},"20":{"start":{"line":35,"column":22},"end":{"line":35,"column":36}},"21":{"start":{"line":36,"column":22},"end":{"line":36,"column":35}},"22":{"start":{"line":37,"column":20},"end":{"line":37,"column":34}},"23":{"start":{"line":38,"column":2},"end":{"line":47,"column":3}},"24":{"start":{"line":39,"column":20},"end":{"line":39,"column":96}},"25":{"start":{"line":40,"column":4},"end":{"line":42,"column":5}},"26":{"start":{"line":41,"column":6},"end":{"line":41,"column":75}},"27":{"start":{"line":43,"column":4},"end":{"line":43,"column":41}},"28":{"start":{"line":45,"column":4},"end":{"line":45,"column":58}},"29":{"start":{"line":46,"column":4},"end":{"line":46,"column":78}},"30":{"start":{"line":50,"column":0},"end":{"line":66,"column":2}},"31":{"start":{"line":51,"column":22},"end":{"line":51,"column":36}},"32":{"start":{"line":52,"column":22},"end":{"line":52,"column":35}},"33":{"start":{"line":53,"column":20},"end":{"line":53,"column":34}},"34":{"start":{"line":54,"column":21},"end":{"line":54,"column":29}},"35":{"start":{"line":55,"column":2},"end":{"line":65,"column":3}},"36":{"start":{"line":56,"column":22},"end":{"line":56,"column":108}},"37":{"start":{"line":57,"column":4},"end":{"line":60,"column":5}},"38":{"start":{"line":58,"column":32},"end":{"line":58,"column":67}},"39":{"start":{"line":59,"column":6},"end":{"line":59,"column":53}},"40":{"start":{"line":61,"column":4},"end":{"line":61,"column":100}},"41":{"start":{"line":63,"column":4},"end":{"line":63,"column":54}},"42":{"start":{"line":64,"column":4},"end":{"line":64,"column":76}},"43":{"start":{"line":68,"column":0},"end":{"line":82,"column":2}},"44":{"start":{"line":69,"column":22},"end":{"line":69,"column":36}},"45":{"start":{"line":70,"column":22},"end":{"line":70,"column":35}},"46":{"start":{"line":71,"column":20},"end":{"line":71,"column":34}},"47":{"start":{"line":72,"column":2},"end":{"line":81,"column":3}},"48":{"start":{"line":73,"column":21},"end":{"line":73,"column":96}},"49":{"start":{"line":74,"column":4},"end":{"line":76,"column":5}},"50":{"start":{"line":75,"column":6},"end":{"line":75,"column":36}},"51":{"start":{"line":77,"column":4},"end":{"line":77,"column":100}},"52":{"start":{"line":79,"column":4},"end":{"line":79,"column":51}},"53":{"start":{"line":80,"column":4},"end":{"line":80,"column":78}},"54":{"start":{"line":85,"column":0},"end":{"line":117,"column":2}},"55":{"start":{"line":86,"column":22},"end":{"line":86,"column":36}},"56":{"start":{"line":87,"column":17},"end":{"line":87,"column":27}},"57":{"start":{"line":88,"column":20},"end":{"line":88,"column":34}},"58":{"start":{"line":89,"column":12},"end":{"line":89,"column":39}},"59":{"start":{"line":91,"column":2},"end":{"line":116,"column":3}},"60":{"start":{"line":93,"column":4},"end":{"line":96,"column":6}},"61":{"start":{"line":99,"column":22},"end":{"line":102,"column":5}},"62":{"start":{"line":104,"column":4},"end":{"line":107,"column":5}},"63":{"start":{"line":105,"column":6},"end":{"line":105,"column":25}},"64":{"start":{"line":106,"column":6},"end":{"line":106,"column":75}},"65":{"start":{"line":109,"column":4},"end":{"line":109,"column":21}},"66":{"start":{"line":110,"column":4},"end":{"line":110,"column":92}},"67":{"start":{"line":113,"column":4},"end":{"line":113,"column":23}},"68":{"start":{"line":114,"column":4},"end":{"line":114,"column":65}},"69":{"start":{"line":115,"column":4},"end":{"line":115,"column":78}}},"fnMap":{"0":{"name":"(anonymous_0)","decl":{"start":{"line":4,"column":16},"end":{"line":4,"column":17}},"loc":{"start":{"line":4,"column":45},"end":{"line":20,"column":1}},"line":4},"1":{"name":"(anonymous_1)","decl":{"start":{"line":22,"column":17},"end":{"line":22,"column":18}},"loc":{"start":{"line":22,"column":46},"end":{"line":32,"column":1}},"line":22},"2":{"name":"(anonymous_2)","decl":{"start":{"line":34,"column":22},"end":{"line":34,"column":23}},"loc":{"start":{"line":34,"column":51},"end":{"line":48,"column":1}},"line":34},"3":{"name":"(anonymous_3)","decl":{"start":{"line":50,"column":20},"end":{"line":50,"column":21}},"loc":{"start":{"line":50,"column":49},"end":{"line":66,"column":1}},"line":50},"4":{"name":"(anonymous_4)","decl":{"start":{"line":68,"column":17},"end":{"line":68,"column":18}},"loc":{"start":{"line":68,"column":46},"end":{"line":82,"column":1}},"line":68},"5":{"name":"(anonymous_5)","decl":{"start":{"line":85,"column":29},"end":{"line":85,"column":30}},"loc":{"start":{"line":85,"column":58},"end":{"line":117,"column":1}},"line":85}},"branchMap":{"0":{"loc":{"start":{"line":40,"column":4},"end":{"line":42,"column":5}},"type":"if","locations":[{"start":{"line":40,"column":4},"end":{"line":42,"column":5}},{"start":{},"end":{}}],"line":40},"1":{"loc":{"start":{"line":57,"column":4},"end":{"line":60,"column":5}},"type":"if","locations":[{"start":{"line":57,"column":4},"end":{"line":60,"column":5}},{"start":{},"end":{}}],"line":57},"2":{"loc":{"start":{"line":74,"column":4},"end":{"line":76,"column":5}},"type":"if","locations":[{"start":{"line":74,"column":4},"end":{"line":76,"column":5}},{"start":{},"end":{}}],"line":74},"3":{"loc":{"start":{"line":104,"column":4},"end":{"line":107,"column":5}},"type":"if","locations":[{"start":{"line":104,"column":4},"end":{"line":107,"column":5}},{"start":{},"end":{}}],"line":104}},"s":{"0":2,"1":2,"2":6,"3":6,"4":6,"5":6,"6":6,"7":6,"8":6,"9":0,"10":0,"11":2,"12":0,"13":0,"14":0,"15":0,"16":0,"17":0,"18":0,"19":2,"20":1,"21":1,"22":1,"23":1,"24":1,"25":1,"26":0,"27":1,"28":0,"29":0,"30":2,"31":1,"32":1,"33":1,"34":1,"35":1,"36":1,"37":1,"38":1,"39":1,"40":0,"41":0,"42":0,"43":2,"44":0,"45":0,"46":0,"47":0,"48":0,"49":0,"50":0,"51":0,"52":0,"53":0,"54":2,"55":1,"56":1,"57":1,"58":1,"59":1,"60":1,"61":1,"62":1,"63":0,"64":0,"65":1,"66":1,"67":0,"68":0,"69":0},"f":{"0":6,"1":0,"2":1,"3":1,"4":0,"5":1},"b":{"0":[0,1],"1":[1,0],"2":[0,0],"3":[0,1]},"_coverageSchema":"1a1c01bbd47fc00a2c39e90264f33305004495a9","hash":"87009fa1913ed747b906deaf2687a076f3a9aded"}
,"C:\\Users\\bruno\\OneDrive\\Documentos\\projeto_gestor_carreira\\gestor-carreira-backend\\src\\controladores\\enquete.controlador.js": {"path":"C:\\Users\\bruno\\OneDrive\\Documentos\\projeto_gestor_carreira\\gestor-carreira-backend\\src\\controladores\\enquete.controlador.js","statementMap":{"0":{"start":{"line":2,"column":15},"end":{"line":2,"column":35}},"1":{"start":{"line":6,"column":0},"end":{"line":38,"column":2}},"2":{"start":{"line":7,"column":38},"end":{"line":7,"column":52}},"3":{"start":{"line":8,"column":33},"end":{"line":8,"column":41}},"4":{"start":{"line":9,"column":22},"end":{"line":9,"column":36}},"5":{"start":{"line":11,"column":4},"end":{"line":13,"column":5}},"6":{"start":{"line":12,"column":8},"end":{"line":12,"column":107}},"7":{"start":{"line":15,"column":14},"end":{"line":15,"column":41}},"8":{"start":{"line":16,"column":4},"end":{"line":37,"column":5}},"9":{"start":{"line":17,"column":28},"end":{"line":21,"column":30}},"10":{"start":{"line":23,"column":32},"end":{"line":27,"column":11}},"11":{"start":{"line":23,"column":53},"end":{"line":27,"column":9}},"12":{"start":{"line":29,"column":8},"end":{"line":29,"column":75}},"13":{"start":{"line":30,"column":8},"end":{"line":30,"column":25}},"14":{"start":{"line":32,"column":32},"end":{"line":32,"column":95}},"15":{"start":{"line":33,"column":8},"end":{"line":33,"column":53}},"16":{"start":{"line":35,"column":8},"end":{"line":35,"column":27}},"17":{"start":{"line":36,"column":8},"end":{"line":36,"column":20}},"18":{"start":{"line":40,"column":0},"end":{"line":53,"column":2}},"19":{"start":{"line":41,"column":24},"end":{"line":41,"column":38}},"20":{"start":{"line":42,"column":22},"end":{"line":42,"column":36}},"21":{"start":{"line":43,"column":4},"end":{"line":52,"column":5}},"22":{"start":{"line":44,"column":25},"end":{"line":48,"column":10}},"23":{"start":{"line":49,"column":8},"end":{"line":49,"column":46}},"24":{"start":{"line":51,"column":8},"end":{"line":51,"column":20}},"25":{"start":{"line":55,"column":0},"end":{"line":83,"column":2}},"26":{"start":{"line":56,"column":24},"end":{"line":56,"column":38}},"27":{"start":{"line":57,"column":19},"end":{"line":57,"column":29}},"28":{"start":{"line":58,"column":22},"end":{"line":58,"column":36}},"29":{"start":{"line":59,"column":14},"end":{"line":59,"column":41}},"30":{"start":{"line":60,"column":4},"end":{"line":82,"column":5}},"31":{"start":{"line":62,"column":8},"end":{"line":65,"column":10}},"32":{"start":{"line":67,"column":26},"end":{"line":70,"column":9}},"33":{"start":{"line":72,"column":8},"end":{"line":75,"column":9}},"34":{"start":{"line":73,"column":12},"end":{"line":73,"column":31}},"35":{"start":{"line":74,"column":12},"end":{"line":74,"column":81}},"36":{"start":{"line":77,"column":8},"end":{"line":77,"column":25}},"37":{"start":{"line":78,"column":8},"end":{"line":78,"column":98}},"38":{"start":{"line":80,"column":8},"end":{"line":80,"column":27}},"39":{"start":{"line":81,"column":8},"end":{"line":81,"column":20}},"40":{"start":{"line":85,"column":0},"end":{"line":98,"column":2}},"41":{"start":{"line":86,"column":24},"end":{"line":86,"column":38}},"42":{"start":{"line":87,"column":19},"end":{"line":87,"column":29}},"43":{"start":{"line":88,"column":22},"end":{"line":88,"column":36}},"44":{"start":{"line":89,"column":4},"end":{"line":97,"column":5}},"45":{"start":{"line":90,"column":25},"end":{"line":90,"column":88}},"46":{"start":{"line":91,"column":8},"end":{"line":93,"column":9}},"47":{"start":{"line":92,"column":12},"end":{"line":92,"column":42}},"48":{"start":{"line":94,"column":8},"end":{"line":94,"column":77}},"49":{"start":{"line":96,"column":8},"end":{"line":96,"column":20}},"50":{"start":{"line":103,"column":0},"end":{"line":120,"column":2}},"51":{"start":{"line":104,"column":29},"end":{"line":104,"column":43}},"52":{"start":{"line":105,"column":24},"end":{"line":105,"column":34}},"53":{"start":{"line":107,"column":4},"end":{"line":119,"column":5}},"54":{"start":{"line":108,"column":22},"end":{"line":108,"column":58}},"55":{"start":{"line":109,"column":8},"end":{"line":111,"column":9}},"56":{"start":{"line":110,"column":12},"end":{"line":110,"column":90}},"57":{"start":{"line":114,"column":8},"end":{"line":114,"column":50}},"58":{"start":{"line":116,"column":8},"end":{"line":116,"column":81}},"59":{"start":{"line":118,"column":8},"end":{"line":118,"column":20}}},"fnMap":{"0":{"name":"(anonymous_0)","decl":{"start":{"line":6,"column":23},"end":{"line":6,"column":24}},"loc":{"start":{"line":6,"column":58},"end":{"line":38,"column":1}},"line":6},"1":{"name":"(anonymous_1)","decl":{"start":{"line":23,"column":43},"end":{"line":23,"column":44}},"loc":{"start":{"line":23,"column":53},"end":{"line":27,"column":9}},"line":23},"2":{"name":"(anonymous_2)","decl":{"start":{"line":40,"column":25},"end":{"line":40,"column":26}},"loc":{"start":{"line":40,"column":60},"end":{"line":53,"column":1}},"line":40},"3":{"name":"(anonymous_3)","decl":{"start":{"line":55,"column":24},"end":{"line":55,"column":25}},"loc":{"start":{"line":55,"column":59},"end":{"line":83,"column":1}},"line":55},"4":{"name":"(anonymous_4)","decl":{"start":{"line":85,"column":24},"end":{"line":85,"column":25}},"loc":{"start":{"line":85,"column":59},"end":{"line":98,"column":1}},"line":85},"5":{"name":"(anonymous_5)","decl":{"start":{"line":103,"column":23},"end":{"line":103,"column":24}},"loc":{"start":{"line":103,"column":58},"end":{"line":120,"column":1}},"line":103}},"branchMap":{"0":{"loc":{"start":{"line":11,"column":4},"end":{"line":13,"column":5}},"type":"if","locations":[{"start":{"line":11,"column":4},"end":{"line":13,"column":5}},{"start":{},"end":{}}],"line":11},"1":{"loc":{"start":{"line":11,"column":8},"end":{"line":11,"column":75}},"type":"binary-expr","locations":[{"start":{"line":11,"column":8},"end":{"line":11,"column":17}},{"start":{"line":11,"column":21},"end":{"line":11,"column":28}},{"start":{"line":11,"column":32},"end":{"line":11,"column":54}},{"start":{"line":11,"column":58},"end":{"line":11,"column":75}}],"line":11},"2":{"loc":{"start":{"line":72,"column":8},"end":{"line":75,"column":9}},"type":"if","locations":[{"start":{"line":72,"column":8},"end":{"line":75,"column":9}},{"start":{},"end":{}}],"line":72},"3":{"loc":{"start":{"line":91,"column":8},"end":{"line":93,"column":9}},"type":"if","locations":[{"start":{"line":91,"column":8},"end":{"line":93,"column":9}},{"start":{},"end":{}}],"line":91},"4":{"loc":{"start":{"line":109,"column":8},"end":{"line":111,"column":9}},"type":"if","locations":[{"start":{"line":109,"column":8},"end":{"line":111,"column":9}},{"start":{},"end":{}}],"line":109}},"s":{"0":2,"1":2,"2":6,"3":6,"4":6,"5":6,"6":1,"7":5,"8":5,"9":5,"10":5,"11":10,"12":5,"13":5,"14":5,"15":5,"16":0,"17":0,"18":2,"19":1,"20":1,"21":1,"22":1,"23":1,"24":0,"25":2,"26":2,"27":2,"28":2,"29":2,"30":2,"31":2,"32":2,"33":2,"34":0,"35":0,"36":2,"37":2,"38":0,"39":0,"40":2,"41":0,"42":0,"43":0,"44":0,"45":0,"46":0,"47":0,"48":0,"49":0,"50":2,"51":1,"52":1,"53":1,"54":1,"55":1,"56":0,"57":1,"58":1,"59":0},"f":{"0":6,"1":10,"2":1,"3":2,"4":0,"5":1},"b":{"0":[1,5],"1":[6,6,6,6],"2":[0,2],"3":[0,0],"4":[0,1]},"_coverageSchema":"1a1c01bbd47fc00a2c39e90264f33305004495a9","hash":"4498a7919006e8d4d188e76fda5d5ea854bedc47"}
,"C:\\Users\\bruno\\OneDrive\\Documentos\\projeto_gestor_carreira\\gestor-carreira-backend\\src\\controladores\\equipamento.controlador.js": {"path":"C:\\Users\\bruno\\OneDrive\\Documentos\\projeto_gestor_carreira\\gestor-carreira-backend\\src\\controladores\\equipamento.controlador.js","statementMap":{"0":{"start":{"line":2,"column":25},"end":{"line":2,"column":65}},"1":{"start":{"line":5,"column":0},"end":{"line":40,"column":2}},"2":{"start":{"line":6,"column":37},"end":{"line":6,"column":51}},"3":{"start":{"line":7,"column":89},"end":{"line":7,"column":97}},"4":{"start":{"line":8,"column":20},"end":{"line":8,"column":34}},"5":{"start":{"line":10,"column":26},"end":{"line":10,"column":94}},"6":{"start":{"line":11,"column":12},"end":{"line":11,"column":39}},"7":{"start":{"line":13,"column":2},"end":{"line":39,"column":3}},"8":{"start":{"line":14,"column":28},"end":{"line":19,"column":26}},"9":{"start":{"line":21,"column":4},"end":{"line":31,"column":5}},"10":{"start":{"line":22,"column":6},"end":{"line":29,"column":29}},"11":{"start":{"line":30,"column":6},"end":{"line":30,"column":104}},"12":{"start":{"line":33,"column":4},"end":{"line":33,"column":21}},"13":{"start":{"line":34,"column":4},"end":{"line":34,"column":49}},"14":{"start":{"line":37,"column":4},"end":{"line":37,"column":23}},"15":{"start":{"line":38,"column":4},"end":{"line":38,"column":15}},"16":{"start":{"line":42,"column":0},"end":{"line":54,"column":2}},"17":{"start":{"line":43,"column":26},"end":{"line":43,"column":40}},"18":{"start":{"line":44,"column":20},"end":{"line":44,"column":34}},"19":{"start":{"line":45,"column":2},"end":{"line":53,"column":3}},"20":{"start":{"line":46,"column":25},"end":{"line":49,"column":6}},"21":{"start":{"line":50,"column":4},"end":{"line":50,"column":46}},"22":{"start":{"line":52,"column":4},"end":{"line":52,"column":15}},"23":{"start":{"line":56,"column":0},"end":{"line":71,"column":2}},"24":{"start":{"line":57,"column":26},"end":{"line":57,"column":40}},"25":{"start":{"line":58,"column":17},"end":{"line":58,"column":27}},"26":{"start":{"line":59,"column":20},"end":{"line":59,"column":34}},"27":{"start":{"line":60,"column":2},"end":{"line":70,"column":3}},"28":{"start":{"line":61,"column":24},"end":{"line":63,"column":6}},"29":{"start":{"line":64,"column":4},"end":{"line":66,"column":5}},"30":{"start":{"line":65,"column":6},"end":{"line":65,"column":79}},"31":{"start":{"line":67,"column":4},"end":{"line":67,"column":45}},"32":{"start":{"line":69,"column":4},"end":{"line":69,"column":15}},"33":{"start":{"line":73,"column":0},"end":{"line":89,"column":2}},"34":{"start":{"line":74,"column":26},"end":{"line":74,"column":40}},"35":{"start":{"line":75,"column":17},"end":{"line":75,"column":27}},"36":{"start":{"line":76,"column":20},"end":{"line":76,"column":34}},"37":{"start":{"line":77,"column":2},"end":{"line":88,"column":3}},"38":{"start":{"line":78,"column":22},"end":{"line":80,"column":6}},"39":{"start":{"line":81,"column":4},"end":{"line":84,"column":5}},"40":{"start":{"line":82,"column":36},"end":{"line":82,"column":66}},"41":{"start":{"line":83,"column":6},"end":{"line":83,"column":57}},"42":{"start":{"line":85,"column":4},"end":{"line":85,"column":77}},"43":{"start":{"line":87,"column":4},"end":{"line":87,"column":15}},"44":{"start":{"line":91,"column":0},"end":{"line":106,"column":2}},"45":{"start":{"line":92,"column":26},"end":{"line":92,"column":40}},"46":{"start":{"line":93,"column":17},"end":{"line":93,"column":27}},"47":{"start":{"line":94,"column":20},"end":{"line":94,"column":34}},"48":{"start":{"line":95,"column":2},"end":{"line":105,"column":3}},"49":{"start":{"line":96,"column":21},"end":{"line":98,"column":6}},"50":{"start":{"line":99,"column":4},"end":{"line":101,"column":5}},"51":{"start":{"line":100,"column":6},"end":{"line":100,"column":36}},"52":{"start":{"line":102,"column":4},"end":{"line":102,"column":77}},"53":{"start":{"line":104,"column":4},"end":{"line":104,"column":15}}},"fnMap":{"0":{"name":"(anonymous_0)","decl":{"start":{"line":5,"column":16},"end":{"line":5,"column":17}},"loc":{"start":{"line":5,"column":51},"end":{"line":40,"column":1}},"line":5},"1":{"name":"(anonymous_1)","decl":{"start":{"line":42,"column":17},"end":{"line":42,"column":18}},"loc":{"start":{"line":42,"column":52},"end":{"line":54,"column":1}},"line":42},"2":{"name":"(anonymous_2)","decl":{"start":{"line":56,"column":22},"end":{"line":56,"column":23}},"loc":{"start":{"line":56,"column":57},"end":{"line":71,"column":1}},"line":56},"3":{"name":"(anonymous_3)","decl":{"start":{"line":73,"column":20},"end":{"line":73,"column":21}},"loc":{"start":{"line":73,"column":55},"end":{"line":89,"column":1}},"line":73},"4":{"name":"(anonymous_4)","decl":{"start":{"line":91,"column":17},"end":{"line":91,"column":18}},"loc":{"start":{"line":91,"column":52},"end":{"line":106,"column":1}},"line":91}},"branchMap":{"0":{"loc":{"start":{"line":10,"column":26},"end":{"line":10,"column":94}},"type":"cond-expr","locations":[{"start":{"line":10,"column":75},"end":{"line":10,"column":79}},{"start":{"line":10,"column":82},"end":{"line":10,"column":94}}],"line":10},"1":{"loc":{"start":{"line":10,"column":27},"end":{"line":10,"column":71}},"type":"binary-expr","locations":[{"start":{"line":10,"column":27},"end":{"line":10,"column":46}},{"start":{"line":10,"column":50},"end":{"line":10,"column":71}}],"line":10},"2":{"loc":{"start":{"line":21,"column":4},"end":{"line":31,"column":5}},"type":"if","locations":[{"start":{"line":21,"column":4},"end":{"line":31,"column":5}},{"start":{},"end":{}}],"line":21},"3":{"loc":{"start":{"line":21,"column":8},"end":{"line":21,"column":75}},"type":"binary-expr","locations":[{"start":{"line":21,"column":8},"end":{"line":21,"column":21}},{"start":{"line":21,"column":25},"end":{"line":21,"column":40}},{"start":{"line":21,"column":44},"end":{"line":21,"column":75}}],"line":21},"4":{"loc":{"start":{"line":28,"column":14},"end":{"line":28,"column":39}},"type":"binary-expr","locations":[{"start":{"line":28,"column":14},"end":{"line":28,"column":25}},{"start":{"line":28,"column":29},"end":{"line":28,"column":39}}],"line":28},"5":{"loc":{"start":{"line":64,"column":4},"end":{"line":66,"column":5}},"type":"if","locations":[{"start":{"line":64,"column":4},"end":{"line":66,"column":5}},{"start":{},"end":{}}],"line":64},"6":{"loc":{"start":{"line":81,"column":4},"end":{"line":84,"column":5}},"type":"if","locations":[{"start":{"line":81,"column":4},"end":{"line":84,"column":5}},{"start":{},"end":{}}],"line":81},"7":{"loc":{"start":{"line":99,"column":4},"end":{"line":101,"column":5}},"type":"if","locations":[{"start":{"line":99,"column":4},"end":{"line":101,"column":5}},{"start":{},"end":{}}],"line":99}},"s":{"0":1,"1":1,"2":4,"3":4,"4":4,"5":4,"6":4,"7":4,"8":4,"9":4,"10":1,"11":1,"12":4,"13":4,"14":0,"15":0,"16":1,"17":1,"18":1,"19":1,"20":1,"21":1,"22":0,"23":1,"24":0,"25":0,"26":0,"27":0,"28":0,"29":0,"30":0,"31":0,"32":0,"33":1,"34":1,"35":1,"36":1,"37":1,"38":1,"39":1,"40":1,"41":1,"42":0,"43":0,"44":1,"45":0,"46":0,"47":0,"48":0,"49":0,"50":0,"51":0,"52":0,"53":0},"f":{"0":4,"1":1,"2":0,"3":1,"4":0},"b":{"0":[0,4],"1":[4,4],"2":[1,3],"3":[4,1,1],"4":[1,0],"5":[0,0],"6":[1,0],"7":[0,0]},"_coverageSchema":"1a1c01bbd47fc00a2c39e90264f33305004495a9","hash":"8451a220a4325909c8eb9ffcbd2a6e4b0db48182"}
,"C:\\Users\\bruno\\OneDrive\\Documentos\\projeto_gestor_carreira\\gestor-carreira-backend\\src\\controladores\\financeiro.controlador.js": {"path":"C:\\Users\\bruno\\OneDrive\\Documentos\\projeto_gestor_carreira\\gestor-carreira-backend\\src\\controladores\\financeiro.controlador.js","statementMap":{"0":{"start":{"line":2,"column":33},"end":{"line":2,"column":53}},"1":{"start":{"line":3,"column":25},"end":{"line":3,"column":65}},"2":{"start":{"line":5,"column":0},"end":{"line":17,"column":2}},"3":{"start":{"line":6,"column":24},"end":{"line":6,"column":38}},"4":{"start":{"line":7,"column":20},"end":{"line":7,"column":34}},"5":{"start":{"line":8,"column":2},"end":{"line":16,"column":3}},"6":{"start":{"line":9,"column":23},"end":{"line":12,"column":6}},"7":{"start":{"line":13,"column":4},"end":{"line":13,"column":44}},"8":{"start":{"line":15,"column":4},"end":{"line":15,"column":15}},"9":{"start":{"line":19,"column":0},"end":{"line":48,"column":2}},"10":{"start":{"line":20,"column":24},"end":{"line":20,"column":38}},"11":{"start":{"line":21,"column":70},"end":{"line":21,"column":78}},"12":{"start":{"line":22,"column":20},"end":{"line":22,"column":34}},"13":{"start":{"line":24,"column":2},"end":{"line":26,"column":3}},"14":{"start":{"line":25,"column":4},"end":{"line":25,"column":114}},"15":{"start":{"line":28,"column":2},"end":{"line":47,"column":3}},"16":{"start":{"line":29,"column":26},"end":{"line":33,"column":6}},"17":{"start":{"line":37,"column":4},"end":{"line":39,"column":5}},"18":{"start":{"line":38,"column":6},"end":{"line":38,"column":110}},"19":{"start":{"line":40,"column":4},"end":{"line":42,"column":5}},"20":{"start":{"line":41,"column":6},"end":{"line":41,"column":103}},"21":{"start":{"line":44,"column":4},"end":{"line":44,"column":47}},"22":{"start":{"line":46,"column":4},"end":{"line":46,"column":15}},"23":{"start":{"line":50,"column":0},"end":{"line":78,"column":2}},"24":{"start":{"line":51,"column":24},"end":{"line":51,"column":38}},"25":{"start":{"line":52,"column":20},"end":{"line":52,"column":34}},"26":{"start":{"line":53,"column":2},"end":{"line":77,"column":3}},"27":{"start":{"line":54,"column":18},"end":{"line":54,"column":28}},"28":{"start":{"line":55,"column":29},"end":{"line":55,"column":79}},"29":{"start":{"line":56,"column":27},"end":{"line":56,"column":93}},"30":{"start":{"line":58,"column":19},"end":{"line":68,"column":6}},"31":{"start":{"line":70,"column":26},"end":{"line":70,"column":63}},"32":{"start":{"line":71,"column":26},"end":{"line":71,"column":63}},"33":{"start":{"line":72,"column":18},"end":{"line":72,"column":47}},"34":{"start":{"line":74,"column":4},"end":{"line":74,"column":73}},"35":{"start":{"line":76,"column":4},"end":{"line":76,"column":15}},"36":{"start":{"line":81,"column":0},"end":{"line":121,"column":2}},"37":{"start":{"line":82,"column":26},"end":{"line":82,"column":40}},"38":{"start":{"line":83,"column":22},"end":{"line":83,"column":36}},"39":{"start":{"line":85,"column":4},"end":{"line":120,"column":5}},"40":{"start":{"line":86,"column":21},"end":{"line":86,"column":31}},"41":{"start":{"line":88,"column":27},"end":{"line":88,"column":79}},"42":{"start":{"line":90,"column":27},"end":{"line":107,"column":10}},"43":{"start":{"line":110,"column":22},"end":{"line":110,"column":106}},"44":{"start":{"line":111,"column":32},"end":{"line":115,"column":11}},"45":{"start":{"line":111,"column":56},"end":{"line":115,"column":9}},"46":{"start":{"line":117,"column":8},"end":{"line":117,"column":53}},"47":{"start":{"line":119,"column":8},"end":{"line":119,"column":19}}},"fnMap":{"0":{"name":"(anonymous_0)","decl":{"start":{"line":5,"column":27},"end":{"line":5,"column":28}},"loc":{"start":{"line":5,"column":62},"end":{"line":17,"column":1}},"line":5},"1":{"name":"(anonymous_1)","decl":{"start":{"line":19,"column":25},"end":{"line":19,"column":26}},"loc":{"start":{"line":19,"column":60},"end":{"line":48,"column":1}},"line":19},"2":{"name":"(anonymous_2)","decl":{"start":{"line":50,"column":23},"end":{"line":50,"column":24}},"loc":{"start":{"line":50,"column":58},"end":{"line":78,"column":1}},"line":50},"3":{"name":"(anonymous_3)","decl":{"start":{"line":81,"column":30},"end":{"line":81,"column":31}},"loc":{"start":{"line":81,"column":65},"end":{"line":121,"column":1}},"line":81},"4":{"name":"(anonymous_4)","decl":{"start":{"line":111,"column":47},"end":{"line":111,"column":48}},"loc":{"start":{"line":111,"column":56},"end":{"line":115,"column":9}},"line":111}},"branchMap":{"0":{"loc":{"start":{"line":24,"column":2},"end":{"line":26,"column":3}},"type":"if","locations":[{"start":{"line":24,"column":2},"end":{"line":26,"column":3}},{"start":{},"end":{}}],"line":24},"1":{"loc":{"start":{"line":24,"column":6},"end":{"line":24,"column":44}},"type":"binary-expr","locations":[{"start":{"line":24,"column":6},"end":{"line":24,"column":16}},{"start":{"line":24,"column":20},"end":{"line":24,"column":26}},{"start":{"line":24,"column":30},"end":{"line":24,"column":35}},{"start":{"line":24,"column":39},"end":{"line":24,"column":44}}],"line":24},"2":{"loc":{"start":{"line":31,"column":22},"end":{"line":31,"column":44}},"type":"binary-expr","locations":[{"start":{"line":31,"column":22},"end":{"line":31,"column":36}},{"start":{"line":31,"column":40},"end":{"line":31,"column":44}}],"line":31},"3":{"loc":{"start":{"line":37,"column":4},"end":{"line":39,"column":5}},"type":"if","locations":[{"start":{"line":37,"column":4},"end":{"line":39,"column":5}},{"start":{},"end":{}}],"line":37},"4":{"loc":{"start":{"line":37,"column":8},"end":{"line":37,"column":57}},"type":"binary-expr","locations":[{"start":{"line":37,"column":8},"end":{"line":37,"column":26}},{"start":{"line":37,"column":30},"end":{"line":37,"column":57}}],"line":37},"5":{"loc":{"start":{"line":40,"column":4},"end":{"line":42,"column":5}},"type":"if","locations":[{"start":{"line":40,"column":4},"end":{"line":42,"column":5}},{"start":{},"end":{}}],"line":40},"6":{"loc":{"start":{"line":40,"column":8},"end":{"line":40,"column":44}},"type":"binary-expr","locations":[{"start":{"line":40,"column":8},"end":{"line":40,"column":26}},{"start":{"line":40,"column":30},"end":{"line":40,"column":44}}],"line":40},"7":{"loc":{"start":{"line":70,"column":26},"end":{"line":70,"column":63}},"type":"binary-expr","locations":[{"start":{"line":70,"column":26},"end":{"line":70,"column":58}},{"start":{"line":70,"column":62},"end":{"line":70,"column":63}}],"line":70},"8":{"loc":{"start":{"line":71,"column":26},"end":{"line":71,"column":63}},"type":"binary-expr","locations":[{"start":{"line":71,"column":26},"end":{"line":71,"column":58}},{"start":{"line":71,"column":62},"end":{"line":71,"column":63}}],"line":71},"9":{"loc":{"start":{"line":113,"column":22},"end":{"line":113,"column":58}},"type":"binary-expr","locations":[{"start":{"line":113,"column":22},"end":{"line":113,"column":53}},{"start":{"line":113,"column":57},"end":{"line":113,"column":58}}],"line":113},"10":{"loc":{"start":{"line":114,"column":22},"end":{"line":114,"column":58}},"type":"binary-expr","locations":[{"start":{"line":114,"column":22},"end":{"line":114,"column":53}},{"start":{"line":114,"column":57},"end":{"line":114,"column":58}}],"line":114}},"s":{"0":3,"1":3,"2":3,"3":1,"4":1,"5":1,"6":1,"7":1,"8":0,"9":3,"10":5,"11":5,"12":5,"13":5,"14":0,"15":5,"16":5,"17":5,"18":1,"19":5,"20":1,"21":5,"22":0,"23":3,"24":1,"25":1,"26":1,"27":1,"28":1,"29":1,"30":1,"31":1,"32":1,"33":1,"34":1,"35":0,"36":3,"37":0,"38":0,"39":0,"40":0,"41":0,"42":0,"43":0,"44":0,"45":0,"46":0,"47":0},"f":{"0":1,"1":5,"2":1,"3":0,"4":0},"b":{"0":[0,5],"1":[5,5,5,5],"2":[5,4],"3":[1,4],"4":[5,2],"5":[1,4],"6":[5,3],"7":[1,0],"8":[1,0],"9":[0,0],"10":[0,0]},"_coverageSchema":"1a1c01bbd47fc00a2c39e90264f33305004495a9","hash":"f2c0f0e2c7aa5b9dfc70f6f006ba0a27c3cae812"}
,"C:\\Users\\bruno\\OneDrive\\Documentos\\projeto_gestor_carreira\\gestor-carreira-backend\\src\\controladores\\musica.controlador.js": {"path":"C:\\Users\\bruno\\OneDrive\\Documentos\\projeto_gestor_carreira\\gestor-carreira-backend\\src\\controladores\\musica.controlador.js","statementMap":{"0":{"start":{"line":2,"column":26},"end":{"line":2,"column":46}},"1":{"start":{"line":3,"column":25},"end":{"line":3,"column":65}},"2":{"start":{"line":5,"column":0},"end":{"line":46,"column":2}},"3":{"start":{"line":6,"column":26},"end":{"line":6,"column":40}},"4":{"start":{"line":7,"column":20},"end":{"line":7,"column":34}},"5":{"start":{"line":8,"column":35},"end":{"line":8,"column":44}},"6":{"start":{"line":10,"column":22},"end":{"line":10,"column":47}},"7":{"start":{"line":11,"column":2},"end":{"line":16,"column":3}},"8":{"start":{"line":12,"column":4},"end":{"line":15,"column":6}},"9":{"start":{"line":17,"column":2},"end":{"line":17,"column":56}},"10":{"start":{"line":17,"column":11},"end":{"line":17,"column":56}},"11":{"start":{"line":18,"column":2},"end":{"line":18,"column":33}},"12":{"start":{"line":18,"column":11},"end":{"line":18,"column":33}},"13":{"start":{"line":20,"column":2},"end":{"line":45,"column":3}},"14":{"start":{"line":21,"column":20},"end":{"line":25,"column":6}},"15":{"start":{"line":27,"column":33},"end":{"line":40,"column":6}},"16":{"start":{"line":28,"column":27},"end":{"line":28,"column":42}},"17":{"start":{"line":29,"column":8},"end":{"line":38,"column":9}},"18":{"start":{"line":30,"column":27},"end":{"line":30,"column":51}},"19":{"start":{"line":31,"column":12},"end":{"line":37,"column":13}},"20":{"start":{"line":36,"column":16},"end":{"line":36,"column":48}},"21":{"start":{"line":39,"column":8},"end":{"line":39,"column":26}},"22":{"start":{"line":42,"column":4},"end":{"line":42,"column":54}},"23":{"start":{"line":44,"column":4},"end":{"line":44,"column":15}},"24":{"start":{"line":48,"column":0},"end":{"line":62,"column":2}},"25":{"start":{"line":49,"column":28},"end":{"line":49,"column":42}},"26":{"start":{"line":50,"column":19},"end":{"line":50,"column":29}},"27":{"start":{"line":51,"column":22},"end":{"line":51,"column":36}},"28":{"start":{"line":52,"column":4},"end":{"line":61,"column":5}},"29":{"start":{"line":53,"column":23},"end":{"line":56,"column":10}},"30":{"start":{"line":57,"column":8},"end":{"line":57,"column":56}},"31":{"start":{"line":57,"column":20},"end":{"line":57,"column":56}},"32":{"start":{"line":58,"column":8},"end":{"line":58,"colum
[...]
":{"line":29,"column":63}},"16":{"start":{"line":31,"column":6},"end":{"line":43,"column":7}},"17":{"start":{"line":32,"column":8},"end":{"line":34,"column":11}},"18":{"start":{"line":35,"column":8},"end":{"line":39,"column":11}},"19":{"start":{"line":40,"column":8},"end":{"line":42,"column":10}},"20":{"start":{"line":46,"column":4},"end":{"line":49,"column":6}},"21":{"start":{"line":53,"column":0},"end":{"line":116,"column":2}},"22":{"start":{"line":54,"column":88},"end":{"line":54,"column":102}},"23":{"start":{"line":55,"column":19},"end":{"line":55,"column":20}},"24":{"start":{"line":57,"column":2},"end":{"line":114,"column":3}},"25":{"start":{"line":59,"column":6},"end":{"line":59,"column":116}},"26":{"start":{"line":60,"column":6},"end":{"line":60,"column":12}},"27":{"start":{"line":62,"column":6},"end":{"line":62,"column":118}},"28":{"start":{"line":63,"column":6},"end":{"line":63,"column":12}},"29":{"start":{"line":65,"column":6},"end":{"line":65,"column":120}},"30":{"start":{"line":66,"column":6},"end":{"line":66,"column":12}},"31":{"start":{"line":68,"column":6},"end":{"line":68,"column":77}},"32":{"start":{"line":69,"column":6},"end":{"line":69,"column":12}},"33":{"start":{"line":71,"column":6},"end":{"line":71,"column":77}},"34":{"start":{"line":72,"column":6},"end":{"line":72,"column":12}},"35":{"start":{"line":74,"column":6},"end":{"line":74,"column":77}},"36":{"start":{"line":75,"column":6},"end":{"line":75,"column":12}},"37":{"start":{"line":77,"column":6},"end":{"line":77,"column":81}},"38":{"start":{"line":78,"column":6},"end":{"line":78,"column":12}},"39":{"start":{"line":80,"column":6},"end":{"line":80,"column":131}},"40":{"start":{"line":81,"column":6},"end":{"line":81,"column":12}},"41":{"start":{"line":83,"column":20},"end":{"line":83,"column":103}},"42":{"start":{"line":84,"column":6},"end":{"line":84,"column":30}},"43":{"start":{"line":85,"column":6},"end":{"line":85,"column":12}},"44":{"start":{"line":87,"column":6},"end":{"line":87,"column":122}},"45":{"start":{"line":88,"column":6},"end":{"line":88,"column":12}},"46":{"start":{"line":92,"column":29},"end":{"line":92,"column":62}},"47":{"start":{"line":94,"column":6},"end":{"line":94,"column":167}},"48":{"start":{"line":95,"column":6},"end":{"line":95,"column":12}},"49":{"start":{"line":97,"column":26},"end":{"line":97,"column":59}},"50":{"start":{"line":98,"column":6},"end":{"line":98,"column":64}},"51":{"start":{"line":99,"column":6},"end":{"line":99,"column":12}},"52":{"start":{"line":101,"column":27},"end":{"line":101,"column":60}},"53":{"start":{"line":102,"column":6},"end":{"line":102,"column":60}},"54":{"start":{"line":103,"column":6},"end":{"line":103,"column":12}},"55":{"start":{"line":105,"column":6},"end":{"line":105,"column":76}},"56":{"start":{"line":106,"column":6},"end":{"line":106,"column":12}},"57":{"start":{"line":108,"column":6},"end":{"line":108,"column":104}},"58":{"start":{"line":109,"column":6},"end":{"line":109,"column":12}},"59":{"start":{"line":112,"column":6},"end":{"line":112,"column":95}},"60":{"start":{"line":113,"column":6},"end":{"line":113,"column":21}},"61":{"start":{"line":115,"column":2},"end":{"line":115,"column":20}},"62":{"start":{"line":118,"column":0},"end":{"line":135,"column":2}},"63":{"start":{"line":119,"column":2},"end":{"line":124,"column":3}},"64":{"start":{"line":123,"column":4},"end":{"line":123,"column":21}},"65":{"start":{"line":125,"column":2},"end":{"line":130,"column":3}},"66":{"start":{"line":129,"column":4},"end":{"line":129,"column":23}},"67":{"start":{"line":131,"column":2},"end":{"line":133,"column":3}},"68":{"start":{"line":132,"column":4},"end":{"line":132,"column":24}},"69":{"start":{"line":134,"column":2},"end":{"line":134,"column":19}}},"fnMap":{"0":{"name":"(anonymous_0)","decl":{"start":{"line":4,"column":39},"end":{"line":4,"column":40}},"loc":{"start":{"line":8,"column":5},"end":{"line":51,"column":1}},"line":8},"1":{"name":"(anonymous_1)","decl":{"start":{"line":21,"column":55},"end":{"line":21,"column":56}},"loc":{"start":{"line":21,"column":62},"end":{"line":21,"column":66}},"line":21},"2":{"name":"(anonymous_2)","decl":{"start":{"line":53,"column":33},"end":{"line":53,"column":34}},"loc":{"start":{"line":53,"column":77},"end":{"line":116,"column":1}},"line":53},"3":{"name":"(anonymous_3)","decl":{"start":{"line":118,"column":27},"end":{"line":118,"column":28}},"loc":{"start":{"line":118,"column":42},"end":{"line":135,"column":1}},"line":118}},"branchMap":{"0":{"loc":{"start":{"line":14,"column":4},"end":{"line":14,"column":53}},"type":"if","locations":[{"start":{"line":14,"column":4},"end":{"line":14,"column":53}},{"start":{},"end":{}}],"line":14},"1":{"loc":{"start":{"line":19,"column":4},"end":{"line":19,"column":25}},"type":"if","locations":[{"start":{"line":19,"column":4},"end":{"line":19,"column":25}},{"start":{},"end":{}}],"line":19},"2":{"loc":{"start":{"line":29,"column":6},"end":{"line":29,"column":63}},"type":"if","locations":[{"start":{"line":29,"column":6},"end":{"line":29,"column":63}},{"start":{},"end":{}}],"line":29},"3":{"loc":{"start":{"line":31,"column":6},"end":{"line":43,"column":7}},"type":"if","locations":[{"start":{"line":31,"column":6},"end":{"line":43,"column":7}},{"start":{},"end":{}}],"line":31},"4":{"loc":{"start":{"line":57,"column":2},"end":{"line":114,"column":3}},"type":"switch","locations":[{"start":{"line":58,"column":4},"end":{"line":60,"column":12}},{"start":{"line":61,"column":4},"end":{"line":63,"column":12}},{"start":{"line":64,"column":4},"end":{"line":66,"column":12}},{"start":{"line":67,"column":4},"end":{"line":69,"column":12}},{"start":{"line":70,"column":4},"end":{"line":72,"column":12}},{"start":{"line":73,"column":4},"end":{"line":75,"column":12}},{"start":{"line":76,"column":4},"end":{"line":78,"column":12}},{"start":{"line":79,"column":4},"end":{"line":81,"column":12}},{"start":{"line":82,"column":4},"end":{"line":85,"column":12}},{"start":{"line":86,"column":4},"end":{"line":88,"column":12}},{"start":{"line":91,"column":4},"end":{"line":95,"column":12}},{"start":{"line":96,"column":4},"end":{"line":99,"column":12}},{"start":{"line":100,"column":4},"end":{"line":103,"column":12}},{"start":{"line":104,"column":4},"end":{"line":106,"column":12}},{"start":{"line":107,"column":4},"end":{"line":109,"column":12}},{"start":{"line":111,"column":4},"end":{"line":113,"column":21}}],"line":57},"5":{"loc":{"start":{"line":84,"column":19},"end":{"line":84,"column":29}},"type":"binary-expr","locations":[{"start":{"line":84,"column":19},"end":{"line":84,"column":24}},{"start":{"line":84,"column":28},"end":{"line":84,"column":29}}],"line":84},"6":{"loc":{"start":{"line":94,"column":19},"end":{"line":94,"column":166}},"type":"cond-expr","locations":[{"start":{"line":94,"column":161},"end":{"line":94,"column":162}},{"start":{"line":94,"column":165},"end":{"line":94,"column":166}}],"line":94},"7":{"loc":{"start":{"line":94,"column":19},"end":{"line":94,"column":158}},"type":"binary-expr","locations":[{"start":{"line":94,"column":19},"end":{"line":94,"column":33}},{"start":{"line":94,"column":37},"end":{"line":94,"column":81}},{"start":{"line":94,"column":86},"end":{"line":94,"column":119}},{"start":{"line":94,"column":123},"end":{"line":94,"column":157}}],"line":94},"8":{"loc":{"start":{"line":98,"column":19},"end":{"line":98,"column":63}},"type":"cond-expr","locations":[{"start":{"line":98,"column":58},"end":{"line":98,"column":59}},{"start":{"line":98,"column":62},"end":{"line":98,"column":63}}],"line":98},"9":{"loc":{"start":{"line":98,"column":19},"end":{"line":98,"column":55}},"type":"binary-expr","locations":[{"start":{"line":98,"column":19},"end":{"line":98,"column":30}},{"start":{"line":98,"column":34},"end":{"line":98,"column":55}}],"line":98},"10":{"loc":{"start":{"line":102,"column":19},"end":{"line":102,"column":59}},"type":"cond-expr","locations":[{"start":{"line":102,"column":34},"end":{"line":102,"column":55}},{"start":{"line":102,"column":58},"end":{"line":102,"column":59}}],"line":102},"11":{"loc":{"start":{"line":119,"column":2},"end":{"line":124,"column":3}},"type":"if","locations":[{"start":{"line":119,"column":2},"end":{"line":124,"column":3}},{"start":{},"end":{}}],"line":119},"12":{"loc":{"start":{"line":120,"column":4},"end":{"line":121,"column":34}},"type":"binary-expr","locations":[{"start":{"line":120,"column":4},"end":{"line":120,"column":48}},{"start":{"line":121,"column":4},"end":{"line":121,"column":34}}],"line":120},"13":{"loc":{"start":{"line":125,"column":2},"end":{"line":130,"column":3}},"type":"if","locations":[{"start":{"line":125,"column":2},"end":{"line":130,"column":3}},{"start":{},"end":{}}],"line":125},"14":{"loc":{"start":{"line":126,"column":4},"end":{"line":127,"column":51}},"type":"binary-expr","locations":[{"start":{"line":126,"column":4},"end":{"line":126,"column":47}},{"start":{"line":127,"column":4},"end":{"line":127,"column":51}}],"line":126},"15":{"loc":{"start":{"line":131,"column":2},"end":{"line":133,"column":3}},"type":"if","locations":[{"start":{"line":131,"column":2},"end":{"line":133,"column":3}},{"start":{},"end":{}}],"line":131},"16":{"loc":{"start":{"line":131,"column":6},"end":{"line":131,"column":62}},"type":"binary-expr","locations":[{"start":{"line":131,"column":6},"end":{"line":131,"column":30}},{"start":{"line":131,"column":34},"end":{"line":131,"column":62}}],"line":131}},"s":{"0":15,"1":15,"2":51,"3":51,"4":51,"5":51,"6":41,"7":10,"8":10,"9":0,"10":10,"11":3,"12":10,"13":10,"14":27,"15":1,"16":26,"17":10,"18":10,"19":10,"20":0,"21":15,"22":75,"23":75,"24":75,"25":12,"26":12,"27":3,"28":3,"29":3,"30":3,"31":12,"32":12,"33":3,"34":3,"35":0,"36":0,"37":2,"38":2,"39":2,"40":2,"41":11,"42":11,"43":11,"44":0,"45":0,"46":0,"47":0,"48":0,"49":0,"50":0,"51":0,"52":21,"53":21,"54":21,"55":6,"56":6,"57":0,"58":0,"59":0,"60":0,"61":75,"62":15,"63":90,"64":27,"65":63,"66":9,"67":54,"68":54,"69":0},"f":{"0":51,"1":3,"2":75,"3":90},"b":{"0":[41,10],"1":[0,10],"2":[1,26],"3":[10,16],"4":[12,3,3,12,3,0,2,2,11,0,0,0,21,6,0,0],"5":[11,6],"6":[0,0],"7":[0,0,0,0],"8":[0,0],"9":[0,0],"10":[21,0],"11":[27,63],"12":[90,81],"13":[9,54],"14":[63,54],"15":[54,0],"16":[54,54]},"_coverageSchema":"1a1c01bbd47fc00a2c39e90264f33305004495a9","hash":"4fe0d7c453da0a40ea935011d3e0d10e7e3ce68d"}
,"C:\\Users\\bruno\\OneDrive\\Documentos\\projeto_gestor_carreira\\gestor-carreira-backend\\src\\servicos\\contrato.servico.js": {"path":"C:\\Users\\bruno\\OneDrive\\Documentos\\projeto_gestor_carreira\\gestor-carreira-backend\\src\\servicos\\contrato.servico.js","statementMap":{"0":{"start":{"line":2,"column":20},"end":{"line":2,"column":37}},"1":{"start":{"line":5,"column":4},"end":{"line":5,"column":84}},"2":{"start":{"line":6,"column":4},"end":{"line":6,"column":19}},"3":{"start":{"line":10,"column":4},"end":{"line":10,"column":105}},"4":{"start":{"line":11,"column":4},"end":{"line":11,"column":22}},"5":{"start":{"line":14,"column":0},"end":{"line":103,"column":2}},"6":{"start":{"line":15,"column":14},"end":{"line":15,"column":45}},"7":{"start":{"line":16,"column":2},"end":{"line":16,"column":19}},"8":{"start":{"line":18,"column":26},"end":{"line":18,"column":52}},"9":{"start":{"line":19,"column":21},"end":{"line":19,"column":102}},"10":{"start":{"line":20,"column":21},"end":{"line":20,"column":90}},"11":{"start":{"line":21,"column":24},"end":{"line":21,"column":79}},"12":{"start":{"line":22,"column":24},"end":{"line":22,"column":79}},"13":{"start":{"line":23,"column":21},"end":{"line":23,"column":128}},"14":{"start":{"line":25,"column":2},"end":{"line":25,"column":116}},"15":{"start":{"line":26,"column":2},"end":{"line":26,"column":18}},"16":{"start":{"line":28,"column":2},"end":{"line":28,"column":61}},"17":{"start":{"line":29,"column":2},"end":{"line":29,"column":20}},"18":{"start":{"line":30,"column":2},"end":{"line":30,"column":197}},"19":{"start":{"line":31,"column":2},"end":{"line":31,"column":131}},"20":{"start":{"line":32,"column":2},"end":{"line":32,"column":17}},"21":{"start":{"line":34,"column":2},"end":{"line":34,"column":44}},"22":{"start":{"line":35,"column":2},"end":{"line":35,"column":179}},"23":{"start":{"line":37,"column":2},"end":{"line":37,"column":53}},"24":{"start":{"line":38,"column":2},"end":{"line":38,"column":254}},"25":{"start":{"line":40,"column":2},"end":{"line":40,"column":63}},"26":{"start":{"line":41,"column":2},"end":{"line":41,"column":48}},"27":{"start":{"line":42,"column":2},"end":{"line":46,"column":42}},"28":{"start":{"line":47,"column":2},"end":{"line":47,"column":17}},"29":{"start":{"line":49,"column":2},"end":{"line":49,"column":64}},"30":{"start":{"line":50,"column":2},"end":{"line":50,"column":49}},"31":{"start":{"line":51,"column":2},"end":{"line":55,"column":42}},"32":{"start":{"line":56,"column":2},"end":{"line":56,"column":17}},"33":{"start":{"line":58,"column":2},"end":{"line":58,"column":47}},"34":{"start":{"line":60,"column":2},"end":{"line":60,"column":208}},"35":{"start":{"line":62,"column":2},"end":{"line":62,"column":46}},"36":{"start":{"line":63,"column":2},"end":{"line":63,"column":351}},"37":{"start":{"line":65,"column":2},"end":{"line":65,"column":57}},"38":{"start":{"line":66,"column":2},"end":{"line":66,"column":263}},"39":{"start":{"line":68,"column":2},"end":{"line":68,"column":42}},"40":{"start":{"line":70,"column":2},"end":{"line":70,"column":176}},"41":{"start":{"line":71,"column":2},"end":{"line":71,"column":18}},"42":{"start":{"line":73,"column":19},"end":{"line":73,"column":140}},"43":{"start":{"line":75,"column":2},"end":{"line":75,"column":89}},"44":{"start":{"line":76,"column":2},"end":{"line":76,"column":18}},"45":{"start":{"line":79,"column":22},"end":{"line":79,"column":27}},"46":{"start":{"line":80,"column":17},"end":{"line":80,"column":38}},"47":{"start":{"line":81,"column":22},"end":{"line":81,"column":85}},"48":{"start":{"line":82,"column":24},"end":{"line":82,"column":44}},"49":{"start":{"line":84,"column":19},"end":{"line":84,"column":25}},"50":{"start":{"line":85,"column":19},"end":{"line":85,"column":48}},"51":{"start":{"line":88,"column":2},"end":{"line":88,"column":131}},"52":{"start":{"line":89,"column":2},"end":{"line":89,"column":113}},"53":{"start":{"line":92,"column":16},"end":{"line":92,"column":32}},"54":{"start":{"line":93,"column":2},"end":{"line":93,"column":89}},"55":{"start":{"line":94,"column":2},"end":{"line":94,"column":85}},"56":{"start":{"line":97,"column":18},"end":{"line":97,"column":28}},"57":{"start":{"line":98,"column":2},"end":{"line":98,"column":111}},"58":{"start":{"line":99,"column":2},"end":{"line":99,"column":87}},"59":{"start":{"line":102,"column":2},"end":{"line":102,"column":12}}},"fnMap":{"0":{"name":"adicionarTexto","decl":{"start":{"line":4,"column":9},"end":{"line":4,"column":23}},"loc":{"start":{"line":4,"column":36},"end":{"line":7,"column":1}},"line":4},"1":{"name":"adicionarClausula","decl":{"start":{"line":9,"column":9},"end":{"line":9,"column":26}},"loc":{"start":{"line":9,"column":48},"end":{"line":12,"column":1}},"line":9},"2":{"name":"(anonymous_2)","decl":{"start":{"line":14,"column":27},"end":{"line":14,"column":28}},"loc":{"start":{"line":14,"column":74},"end":{"line":103,"column":1}},"line":14}},"branchMap":{"0":{"loc":{"start":{"line":23,"column":99},"end":{"line":23,"column":127}},"type":"binary-expr","locations":[{"start":{"line":23,"column":99},"end":{"line":23,"column":122}},{"start":{"line":23,"column":126},"end":{"line":23,"column":127}}],"line":23}},"s":{"0":3,"1":10,"2":10,"3":8,"4":8,"5":3,"6":1,"7":1,"8":1,"9":1,"10":1,"11":1,"12":1,"13":1,"14":1,"15":1,"16":1,"17":1,"18":1,"19":1,"20":1,"21":1,"22":1,"23":1,"24":1,"25":1,"26":1,"27":1,"28":1,"29":1,"30":1,"31":1,"32":1,"33":1,"34":1,"35":1,"36":1,"37":1,"38":1,"39":1,"40":1,"41":1,"42":1,"43":1,"44":1,"45":1,"46":1,"47":1,"48":1,"49":1,"50":1,"51":1,"52":1,"53":1,"54":1,"55":1,"56":1,"57":1,"58":1,"59":1},"f":{"0":10,"1":8,"2":1},"b":{"0":[1,0]},"_coverageSchema":"1a1c01bbd47fc00a2c39e90264f33305004495a9","hash":"82d83c131e36fef4640713aac04ec464bd969cb7"}
,"C:\\Users\\bruno\\OneDrive\\Documentos\\projeto_gestor_carreira\\gestor-carreira-backend\\src\\servicos\\email.servico.js": {"path":"C:\\Users\\bruno\\OneDrive\\Documentos\\projeto_gestor_carreira\\gestor-carreira-backend\\src\\servicos\\email.servico.js","statementMap":{"0":{"start":{"line":2,"column":19},"end":{"line":2,"column":40}},"1":{"start":{"line":6,"column":22},"end":{"line":14,"column":2}},"2":{"start":{"line":21,"column":0},"end":{"line":47,"column":2}},"3":{"start":{"line":22,"column":2},"end":{"line":22,"column":67}},"4":{"start":{"line":24,"column":2},"end":{"line":46,"column":3}},"5":{"start":{"line":25,"column":17},"end":{"line":39,"column":6}},"6":{"start":{"line":41,"column":4},"end":{"line":41,"column":66}},"7":{"start":{"line":42,"column":4},"end":{"line":42,"column":16}},"8":{"start":{"line":44,"column":4},"end":{"line":44,"column":66}},"9":{"start":{"line":45,"column":4},"end":{"line":45,"column":17}}},"fnMap":{"0":{"name":"(anonymous_0)","decl":{"start":{"line":21,"column":35},"end":{"line":21,"column":36}},"loc":{"start":{"line":21,"column":75},"end":{"line":47,"column":1}},"line":21}},"branchMap":{},"s":{"0":13,"1":13,"2":13,"3":1,"4":1,"5":1,"6":1,"7":1,"8":0,"9":0},"f":{"0":1},"b":{},"_coverageSchema":"1a1c01bbd47fc00a2c39e90264f33305004495a9","hash":"5d2974c63b315ecb336e6cd2a8842f73ed13c7b7"}
,"C:\\Users\\bruno\\OneDrive\\Documentos\\projeto_gestor_carreira\\gestor-carreira-backend\\src\\servicos\\interacao.servico.js": {"path":"C:\\Users\\bruno\\OneDrive\\Documentos\\projeto_gestor_carreira\\gestor-carreira-backend\\src\\servicos\\interacao.servico.js","statementMap":{"0":{"start":{"line":2,"column":15},"end":{"line":6,"column":1}},"1":{"start":{"line":8,"column":0},"end":{"line":17,"column":2}},"2":{"start":{"line":9,"column":26},"end":{"line":9,"column":40}},"3":{"start":{"line":10,"column":4},"end":{"line":16,"column":7}}},"fnMap":{"0":{"name":"(anonymous_0)","decl":{"start":{"line":8,"column":29},"end":{"line":8,"column":30}},"loc":{"start":{"line":8,"column":90},"end":{"line":17,"column":1}},"line":8}},"branchMap":{"0":{"loc":{"start":{"line":8,"column":68},"end":{"line":8,"column":85}},"type":"default-arg","locations":[{"start":{"line":8,"column":81},"end":{"line":8,"column":85}}],"line":8},"1":{"loc":{"start":{"line":15,"column":16},"end":{"line":15,"column":33}},"type":"binary-expr","locations":[{"start":{"line":15,"column":16},"end":{"line":15,"column":28}},{"start":{"line":15,"column":32},"end":{"line":15,"column":33}}],"line":15}},"s":{"0":2,"1":2,"2":2,"3":2},"f":{"0":2},"b":{"0":[1],"1":[2,0]},"_coverageSchema":"1a1c01bbd47fc00a2c39e90264f33305004495a9","hash":"a08177f3af3b85b03e3ea41e6583ce852c1e9516"}
,"C:\\Users\\bruno\\OneDrive\\Documentos\\projeto_gestor_carreira\\gestor-carreira-backend\\src\\servicos\\log.servico.js": {"path":"C:\\Users\\bruno\\OneDrive\\Documentos\\projeto_gestor_carreira\\gestor-carreira-backend\\src\\servicos\\log.servico.js","statementMap":{"0":{"start":{"line":2,"column":22},"end":{"line":14,"column":1}},"1":{"start":{"line":3,"column":28},"end":{"line":3,"column":42}},"2":{"start":{"line":5,"column":4},"end":{"line":13,"column":5}},"3":{"start":{"line":6,"column":8},"end":{"line":10,"column":11}},"4":{"start":{"line":12,"column":8},"end":{"line":12,"column":105}},"5":{"start":{"line":16,"column":0},"end":{"line":16,"column":35}}},"fnMap":{"0":{"name":"(anonymous_0)","decl":{"start":{"line":2,"column":22},"end":{"line":2,"column":23}},"loc":{"start":{"line":2,"column":69},"end":{"line":14,"column":1}},"line":2}},"branchMap":{"0":{"loc":{"start":{"line":2,"column":52},"end":{"line":2,"column":64}},"type":"default-arg","locations":[{"start":{"line":2,"column":62},"end":{"line":2,"column":64}}],"line":2}},"s":{"0":13,"1":134,"2":134,"3":134,"4":0,"5":13},"f":{"0":134},"b":{"0":[124]},"_coverageSchema":"1a1c01bbd47fc00a2c39e90264f33305004495a9","hash":"a8b9ea86fd534448fd04e394fbc8c25a8361b7f9"}
}
