TN:
SF:seeders\20250707103229-popular-conquistas.js
FN:6,(anonymous_0)
FN:141,(anonymous_1)
FN:146,(anonymous_2)
FN:148,(anonymous_3)
FN:156,(anonymous_4)
FNF:5
FNH:3
FNDA:8,(anonymous_0)
FNDA:240,(anonymous_1)
FNDA:0,(anonymous_2)
FNDA:240,(anonymous_3)
FNDA:0,(anonymous_4)
DA:5,3
DA:8,8
DA:141,240
DA:143,8
DA:146,8
DA:147,8
DA:148,240
DA:151,8
DA:152,8
DA:157,0
LF:10
LH:9
BRDA:151,0,0,8
BRDA:151,0,1,0
BRF:2
BRH:1
end_of_record
TN:
SF:src\config\database.js
FNF:0
FNH:0
DA:2,15
DA:3,15
DA:6,15
DA:9,15
DA:20,0
DA:26,0
DA:27,0
DA:33,0
LF:8
LH:4
BRDA:6,0,0,15
BRDA:6,0,1,0
BRDA:26,1,0,0
BRDA:26,1,1,0
BRF:4
BRH:1
end_of_record
TN:
SF:src\config\multerCloudinary.js
FN:16,(anonymous_0)
FN:35,(anonymous_1)
FNF:2
FNH:0
FNDA:0,(anonymous_0)
FNDA:0,(anonymous_1)
DA:2,13
DA:3,13
DA:4,13
DA:7,13
DA:14,13
DA:18,0
DA:19,0
DA:21,0
DA:36,0
DA:42,0
DA:43,0
DA:45,0
DA:50,13
LF:13
LH:6
BRDA:42,0,0,0
BRDA:42,0,1,0
BRF:2
BRH:0
end_of_record
TN:
SF:src\controladores\admin.controlador.js
FN:5,(anonymous_0)
FN:17,(anonymous_1)
FN:37,(anonymous_2)
FN:58,(anonymous_3)
FN:115,(anonymous_4)
FN:151,(anonymous_5)
FNF:6
FNH:5
FNDA:1,(anonymous_0)
FNDA:1,(anonymous_1)
FNDA:2,(anonymous_2)
FNDA:0,(anonymous_3)
FNDA:2,(anonymous_4)
FNDA:1,(anonymous_5)
DA:2,2
DA:5,2
DA:6,1
DA:7,1
DA:8,1
DA:11,1
DA:13,0
DA:17,2
DA:18,1
DA:19,1
DA:20,1
DA:21,1
DA:22,1
DA:23,1
DA:24,1
DA:25,1
DA:26,1
DA:29,1
DA:31,0
DA:33,0
DA:37,2
DA:38,2
DA:39,2
DA:40,2
DA:41,2
DA:42,1
DA:48,1
DA:49,1
DA:50,1
DA:52,0
DA:54,0
DA:58,2
DA:72,0
DA:73,0
DA:75,0
DA:77,0
DA:78,0
DA:80,0
DA:89,0
DA:90,0
DA:91,0
DA:92,0
DA:93,0
DA:94,0
DA:96,0
DA:97,0
DA:98,0
DA:99,0
DA:100,0
DA:102,0
DA:104,0
DA:105,0
DA:107,0
DA:108,0
DA:109,0
DA:115,2
DA:116,2
DA:117,2
DA:118,2
DA:119,0
DA:123,2
DA:124,2
DA:125,2
DA:126,1
DA:129,1
DA:130,1
DA:132,1
DA:133,1
DA:142,1
DA:143,1
DA:145,0
DA:151,2
DA:152,1
DA:153,1
DA:154,1
DA:156,1
DA:157,1
DA:158,1
DA:159,0
DA:162,1
DA:164,1
DA:165,0
DA:168,1
DA:171,1
DA:172,1
DA:173,1
DA:174,1
DA:176,0
DA:178,0
DA:179,0
DA:180,0
DA:181,0
DA:182,0
DA:185,0
DA:189,0
DA:190,0
LF:96
LH:55
BRDA:21,0,0,0
BRDA:21,0,1,1
BRDA:22,1,0,0
BRDA:22,1,1,1
BRDA:25,2,0,1
BRDA:25,2,1,0
BRDA:41,3,0,1
BRDA:41,3,1,1
BRDA:49,4,0,1
BRDA:49,4,1,0
BRDA:118,5,0,0
BRDA:118,5,1,2
BRDA:118,6,0,2
BRDA:118,6,1,2
BRDA:118,6,2,2
BRDA:118,6,3,2
BRDA:125,7,0,1
BRDA:125,7,1,1
BRDA:158,8,0,0
BRDA:158,8,1,1
BRDA:162,9,0,1
BRDA:162,9,1,0
BRDA:164,10,0,0
BRDA:164,10,1,1
BRDA:164,11,0,1
BRDA:164,11,1,1
BRDA:176,12,0,0
BRDA:176,12,1,0
BRF:28
BRH:18
end_of_record
TN:
SF:src\controladores\assinatura.controlador.js
FN:13,(anonymous_0)
FN:40,(anonymous_1)
FN:79,(anonymous_2)
FNF:3
FNH:3
FNDA:1,(anonymous_0)
FNDA:1,(anonymous_1)
FNDA:2,(anonymous_2)
DA:5,1
DA:6,1
DA:13,1
DA:14,1
DA:15,1
DA:17,1
DA:18,1
DA:20,1
DA:21,1
DA:33,1
DA:35,0
DA:36,0
DA:40,1
DA:41,1
DA:42,1
DA:43,1
DA:45,1
DA:46,1
DA:48,1
DA:49,0
DA:51,1
DA:52,0
DA:54,1
DA:55,0
DA:57,1
DA:58,0
DA:61,1
DA:65,1
DA:67,1
DA:73,0
DA:74,0
DA:79,1
DA:80,2
DA:81,2
DA:83,2
DA:84,2
DA:85,2
DA:88,2
DA:89,1
DA:90,1
DA:91,1
DA:95,1
DA:99,1
DA:100,1
DA:102,1
DA:103,1
DA:104,0
DA:107,1
DA:115,1
DA:119,0
DA:122,0
LF:51
LH:40
BRDA:48,0,0,0
BRDA:48,0,1,1
BRDA:51,1,0,0
BRDA:51,1,1,1
BRDA:54,2,0,0
BRDA:54,2,1,1
BRDA:54,3,0,1
BRDA:54,3,1,1
BRDA:57,4,0,0
BRDA:57,4,1,1
BRDA:88,5,0,1
BRDA:88,5,1,1
BRDA:99,6,0,1
BRDA:99,6,1,0
BRDA:103,7,0,0
BRDA:103,7,1,1
BRF:16
BRH:10
end_of_record
TN:
SF:src\controladores\compromisso.controlador.js
FN:7,(anonymous_0)
FN:39,(anonymous_1)
FN:76,(anonymous_2)
FN:97,(anonymous_3)
FN:127,(anonymous_4)
FN:147,(anonymous_5)
FN:170,(anonymous_6)
FNF:7
FNH:6
FNDA:7,(anonymous_0)
FNDA:2,(anonymous_1)
FNDA:1,(anonymous_2)
FNDA:1,(anonymous_3)
FNDA:1,(anonymous_4)
FNDA:0,(anonymous_5)
FNDA:1,(anonymous_6)
DA:2,2
DA:3,2
DA:4,2
DA:5,2
DA:7,2
DA:8,7
DA:11,7
DA:12,7
DA:13,7
DA:15,7
DA:16,7
DA:25,7
DA:27,7
DA:28,7
DA:29,7
DA:30,7
DA:33,7
DA:35,0
DA:39,2
DA:40,2
DA:41,2
DA:42,2
DA:43,2
DA:45,2
DA:46,0
DA:49,2
DA:51,2
DA:52,2
DA:53,2
DA:54,1
DA:57,1
DA:59,1
DA:60,1
DA:62,1
DA:63,1
DA:64,0
DA:66,1
DA:69,1
DA:70,1
DA:72,0
DA:76,2
DA:77,1
DA:78,1
DA:80,1
DA:81,1
DA:90,1
DA:92,0
DA:93,0
DA:97,2
DA:98,1
DA:99,1
DA:100,1
DA:102,1
DA:103,0
DA:106,1
DA:107,1
DA:116,1
DA:117,1
DA:120,0
DA:122,0
DA:123,0
DA:127,2
DA:128,1
DA:129,1
DA:130,1
DA:132,1
DA:133,1
DA:136,1
DA:137,0
DA:139,1
DA:140,1
DA:142,0
DA:143,0
DA:147,2
DA:148,0
DA:149,0
DA:151,0
DA:152,0
DA:163,0
DA:165,0
DA:166,0
DA:170,2
DA:171,1
DA:172,1
DA:173,1
DA:175,1
DA:178,1
DA:179,0
DA:182,1
DA:183,1
DA:184,1
DA:185,0
DA:188,1
DA:189,1
DA:192,1
DA:195,0
LF:96
LH:73
BRDA:13,0,0,0
BRDA:13,0,1,7
BRDA:13,1,0,7
BRDA:13,1,1,7
BRDA:21,2,0,7
BRDA:21,2,1,7
BRDA:27,3,0,7
BRDA:27,3,1,0
BRDA:45,4,0,0
BRDA:45,4,1,2
BRDA:45,5,0,2
BRDA:45,5,1,2
BRDA:49,6,0,2
BRDA:49,6,1,2
BRDA:53,7,0,1
BRDA:53,7,1,1
BRDA:62,8,0,1
BRDA:62,8,1,0
BRDA:62,9,0,1
BRDA:62,9,1,0
BRDA:62,9,2,0
BRDA:63,10,0,0
BRDA:63,10,1,1
BRDA:102,11,0,0
BRDA:102,11,1,1
BRDA:116,12,0,1
BRDA:116,12,1,0
BRDA:136,13,0,0
BRDA:136,13,1,1
BRDA:178,14,0,0
BRDA:178,14,1,1
BRDA:178,15,0,1
BRDA:178,15,1,1
BRDA:178,15,2,1
BRDA:178,15,3,1
BRDA:178,15,4,1
BRDA:178,15,5,1
BRDA:184,16,0,0
BRDA:184,16,1,1
BRF:39
BRH:27
end_of_record
TN:
SF:src\controladores\conquista.controlador.js
FN:4,(anonymous_0)
FN:24,(anonymous_1)
FN:65,(anonymous_2)
FN:86,(anonymous_3)
FN:103,(anonymous_4)
FNF:5
FNH:3
FNDA:3,(anonymous_0)
FNDA:5,(anonymous_1)
FNDA:322,(anonymous_2)
FNDA:0,(anonymous_3)
FNDA:0,(anonymous_4)
DA:2,1
DA:4,1
DA:5,3
DA:6,3
DA:8,3
DA:10,3
DA:11,3
DA:13,3
DA:22,3
DA:23,3
DA:24,3
DA:25,5
DA:32,3
DA:33,3
DA:34,90
DA:35,90
DA:37,90
DA:39,90
DA:40,90
DA:42,90
DA:43,63
DA:44,63
DA:45,27
DA:46,5
DA:47,22
DA:48,22
DA:49,22
DA:52,90
DA:54,90
DA:65,3
DA:66,322
DA:67,24
DA:69,298
DA:70,296
DA:71,268
DA:72,180
DA:74,2
DA:77,3
DA:80,0
DA:81,0
DA:86,1
DA:87,0
DA:88,0
DA:90,0
DA:91,0
DA:103,0
DA:110,0
DA:113,0
DA:114,0
LF:49
LH:39
BRDA:23,0,0,3
BRDA:23,0,1,0
BRDA:23,1,0,3
BRDA:23,1,1,3
BRDA:35,2,0,5
BRDA:35,2,1,85
BRDA:40,3,0,90
BRDA:40,3,1,0
BRDA:42,4,0,63
BRDA:42,4,1,27
BRDA:42,5,0,90
BRDA:42,5,1,85
BRDA:45,6,0,5
BRDA:45,6,1,22
BRDA:47,7,0,22
BRDA:47,7,1,0
BRDA:47,8,0,22
BRDA:47,8,1,22
BRDA:52,9,0,90
BRDA:52,9,1,0
BRDA:66,10,0,24
BRDA:66,10,1,298
BRDA:67,11,0,21
BRDA:67,11,1,3
BRDA:69,12,0,296
BRDA:69,12,1,2
BRDA:69,13,0,298
BRDA:69,13,1,296
BRDA:70,14,0,28
BRDA:70,14,1,268
BRDA:70,15,0,296
BRDA:70,15,1,68
BRDA:71,16,0,88
BRDA:71,16,1,180
BRDA:71,17,0,268
BRDA:71,17,1,228
BRF:36
BRH:32
end_of_record
TN:
SF:src\controladores\contato.controlador.js
FN:4,(anonymous_0)
FN:22,(anonymous_1)
FN:34,(anonymous_2)
FN:50,(anonymous_3)
FN:68,(anonymous_4)
FN:85,(anonymous_5)
FNF:6
FNH:4
FNDA:6,(anonymous_0)
FNDA:0,(anonymous_1)
FNDA:1,(anonymous_2)
FNDA:1,(anonymous_3)
FNDA:0,(anonymous_4)
FNDA:1,(anonymous_5)
DA:2,2
DA:4,2
DA:5,6
DA:6,6
DA:7,6
DA:8,6
DA:9,6
DA:13,6
DA:15,6
DA:17,0
DA:18,0
DA:22,2
DA:23,0
DA:24,0
DA:25,0
DA:26,0
DA:27,0
DA:29,0
DA:30,0
DA:34,2
DA:35,1
DA:36,1
DA:37,1
DA:38,1
DA:39,1
DA:40,1
DA:41,0
DA:43,1
DA:45,0
DA:46,0
DA:50,2
DA:51,1
DA:52,1
DA:53,1
DA:54,1
DA:55,1
DA:56,1
DA:57,1
DA:58,1
DA:59,1
DA:61,0
DA:63,0
DA:64,0
DA:68,2
DA:69,0
DA:70,0
DA:71,0
DA:72,0
DA:73,0
DA:74,0
DA:75,0
DA:77,0
DA:79,0
DA:80,0
DA:85,2
DA:86,1
DA:87,1
DA:88,1
DA:89,1
DA:91,1
DA:93,1
DA:99,1
DA:104,1
DA:105,0
DA:106,0
DA:109,1
DA:110,1
DA:113,0
DA:114,0
DA:115,0
LF:70
LH:40
BRDA:40,0,0,0
BRDA:40,0,1,1
BRDA:57,1,0,1
BRDA:57,1,1,0
BRDA:74,2,0,0
BRDA:74,2,1,0
BRDA:104,3,0,0
BRDA:104,3,1,1
BRF:8
BRH:3
end_of_record
TN:
SF:src\controladores\enquete.controlador.js
FN:6,(anonymous_0)
FN:23,(anonymous_1)
FN:40,(anonymous_2)
FN:55,(anonymous_3)
FN:85,(anonymous_4)
FN:103,(anonymous_5)
FNF:6
FNH:5
FNDA:6,(anonymous_0)
FNDA:11,(anonymous_1)
FNDA:1,(anonymous_2)
FNDA:2,(anonymous_3)
FNDA:0,(anonymous_4)
FNDA:1,(anonymous_5)
DA:2,2
DA:6,2
DA:7,6
DA:8,6
DA:9,6
DA:11,6
DA:12,1
DA:15,5
DA:16,5
DA:17,5
DA:23,11
DA:29,5
DA:30,5
DA:32,5
DA:33,5
DA:35,0
DA:36,0
DA:40,2
DA:41,1
DA:42,1
DA:43,1
DA:44,1
DA:49,1
DA:51,0
DA:55,2
DA:56,2
DA:57,2
DA:58,2
DA:59,2
DA:60,2
DA:62,2
DA:67,2
DA:72,2
DA:73,0
DA:74,0
DA:77,2
DA:78,2
DA:80,0
DA:81,0
DA:85,2
DA:86,0
DA:87,0
DA:88,0
DA:89,0
DA:90,0
DA:91,0
DA:92,0
DA:94,0
DA:96,0
DA:103,2
DA:104,1
DA:105,1
DA:107,1
DA:108,1
DA:109,1
DA:110,0
DA:114,1
DA:116,1
DA:118,0
LF:59
LH:41
BRDA:11,0,0,1
BRDA:11,0,1,5
BRDA:11,1,0,6
BRDA:11,1,1,6
BRDA:11,1,2,6
BRDA:11,1,3,6
BRDA:72,2,0,0
BRDA:72,2,1,2
BRDA:91,3,0,0
BRDA:91,3,1,0
BRDA:109,4,0,0
BRDA:109,4,1,1
BRF:12
BRH:8
end_of_record
TN:
SF:src\controladores\equipamento.controlador.js
FN:5,(anonymous_0)
FN:42,(anonymous_1)
FN:56,(anonymous_2)
FN:73,(anonymous_3)
FN:91,(anonymous_4)
FNF:5
FNH:3
FNDA:4,(anonymous_0)
FNDA:1,(anonymous_1)
FNDA:0,(anonymous_2)
FNDA:1,(anonymous_3)
FNDA:0,(anonymous_4)
DA:2,1
DA:5,1
DA:6,4
DA:7,4
DA:8,4
DA:10,4
DA:11,4
DA:13,4
DA:14,4
DA:21,4
DA:22,1
DA:30,1
DA:33,4
DA:34,4
DA:37,0
DA:38,0
DA:42,1
DA:43,1
DA:44,1
DA:45,1
DA:46,1
DA:50,1
DA:52,0
DA:56,1
DA:57,0
DA:58,0
DA:59,0
DA:60,0
DA:61,0
DA:64,0
DA:65,0
DA:67,0
DA:69,0
DA:73,1
DA:74,1
DA:75,1
DA:76,1
DA:77,1
DA:78,1
DA:81,1
DA:82,1
DA:83,1
DA:85,0
DA:87,0
DA:91,1
DA:92,0
DA:93,0
DA:94,0
DA:95,0
DA:96,0
DA:99,0
DA:100,0
DA:102,0
DA:104,0
LF:54
LH:31
BRDA:10,0,0,0
BRDA:10,0,1,4
BRDA:10,1,0,4
BRDA:10,1,1,4
BRDA:21,2,0,1
BRDA:21,2,1,3
BRDA:21,3,0,4
BRDA:21,3,1,1
BRDA:21,3,2,1
BRDA:28,4,0,1
BRDA:28,4,1,0
BRDA:64,5,0,0
BRDA:64,5,1,0
BRDA:81,6,0,1
BRDA:81,6,1,0
BRDA:99,7,0,0
BRDA:99,7,1,0
BRF:17
BRH:10
end_of_record
TN:
SF:src\controladores\financeiro.controlador.js
FN:5,(anonymous_0)
FN:19,(anonymous_1)
FN:50,(anonymous_2)
FN:81,(anonymous_3)
FN:111,(anonymous_4)
FNF:5
FNH:3
FNDA:1,(anonymous_0)
FNDA:5,(anonymous_1)
FNDA:1,(anonymous_2)
FNDA:0,(anonymous_3)
FNDA:0,(anonymous_4)
DA:2,3
DA:3,3
DA:5,3
DA:6,1
DA:7,1
DA:8,1
DA:9,1
DA:13,1
DA:15,0
DA:19,3
DA:20,5
DA:21,5
DA:22,5
DA:24,5
DA:25,0
DA:28,5
DA:29,5
DA:37,5
DA:38,1
DA:40,5
DA:41,1
DA:44,5
DA:46,0
DA:50,3
DA:51,1
DA:52,1
DA:53,1
DA:54,1
DA:55,1
DA:56,1
DA:58,1
DA:70,1
DA:71,1
DA:72,1
DA:74,1
DA:76,0
DA:81,3
DA:82,0
DA:83,0
DA:85,0
DA:86,0
DA:88,0
DA:90,0
DA:110,0
DA:111,0
DA:117,0
DA:119,0
LF:47
LH:33
BRDA:24,0,0,0
BRDA:24,0,1,5
BRDA:24,1,0,5
BRDA:24,1,1,5
BRDA:24,1,2,5
BRDA:24,1,3,5
BRDA:31,2,0,5
BRDA:31,2,1,4
BRDA:37,3,0,1
BRDA:37,3,1,4
BRDA:37,4,0,5
BRDA:37,4,1,2
BRDA:40,5,0,1
BRDA:40,5,1,4
BRDA:40,6,0,5
BRDA:40,6,1,3
BRDA:70,7,0,1
BRDA:70,7,1,0
BRDA:71,8,0,1
BRDA:71,8,1,0
BRDA:113,9,0,0
BRDA:113,9,1,0
BRDA:114,10,0,0
BRDA:114,10,1,0
BRF:24
BRH:17
end_of_record
TN:
SF:src\controladores\musica.controlador.js
FN:5,(anonymous_0)
FN:27,(anonymous_1)
FN:48,(anonymous_2)
FN:64,(anonymous_3)
FN:86,(anonymous_4)
FN:107,(anonymous_5)
FN:137,(anonymous_6)
FN:152,(anonymous_7)
FN:173,(anonymous_8)
FN:186,(anonymous_9)
FN:232,(anonymous_10)
FNF:11
FNH:6
FNDA:0,(anonymous_0)
FNDA:0,(anonymous_1)
FNDA:1,(anonymous_2)
FNDA:0,(anonymous_3)
FNDA:6,(anonymous_4)
FNDA:5,(anonymous_5)
FNDA:0,(anonymous_6)
FNDA:1,(anonymous_7)
FNDA:1,(anonymous_8)
FNDA:1,(anonymous_9)
FNDA:0,(anonymous_10)
DA:2,3
DA:3,3
DA:5,3
DA:6,0
DA:7,0
DA:8,0
DA:10,0
DA:11,0
DA:12,0
DA:17,0
DA:18,0
DA:20,0
DA:21,0
DA:27,0
DA:28,0
DA:29,0
DA:30,0
DA:31,0
DA:36,0
DA:39,0
DA:42,0
DA:44,0
DA:48,3
DA:49,1
DA:50,1
DA:51,1
DA:52,1
DA:53,1
DA:57,1
DA:58,1
DA:60,0
DA:64,3
DA:65,0
DA:66,0
DA:67,0
DA:68,0
DA:80,0
DA:82,0
DA:86,3
DA:87,6
DA:88,6
DA:89,6
DA:91,6
DA:93,6
DA:94,6
DA:99,6
DA:101,6
DA:103,0
DA:107,3
DA:108,5
DA:109,5
DA:110,5
DA:111,5
DA:113,5
DA:114,5
DA:118,5
DA:119,0
DA:120,0
DA:123,5
DA:124,5
DA:125,0
DA:126,0
DA:129,5
DA:136,5
DA:137,0
DA:138,0
DA:141,5
DA:142,5
DA:144,5
DA:145,5
DA:147,0
DA:148,0
DA:152,3
DA:153,1
DA:154,1
DA:155,1
DA:156,1
DA:158,1
DA:159,1
DA:160,1
DA:161,0
DA:164,1
DA:166,1
DA:167,1
DA:169,0
DA:173,3
DA:174,1
DA:175,1
DA:176,1
DA:177,1
DA:178,1
DA:179,1
DA:180,0
DA:182,0
DA:186,3
DA:187,1
DA:188,1
DA:189,1
DA:190,1
DA:192,1
DA:193,1
DA:198,1
DA:199,0
DA:200,0
DA:203,1
DA:204,0
DA:205,0
DA:208,1
DA:214,1
DA:215,0
DA:216,0
DA:220,1
DA:231,1
DA:232,1
DA:233,1
DA:236,1
DA:238,1
DA:239,1
DA:242,0
DA:243,0
LF:120
LH:73
BRDA:11,0,0,0
BRDA:11,0,1,0
BRDA:17,1,0,0
BRDA:17,1,1,0
BRDA:18,2,0,0
BRDA:18,2,1,0
BRDA:29,3,0,0
BRDA:29,3,1,0
BRDA:29,4,0,0
BRDA:29,4,1,0
BRDA:31,5,0,0
BRDA:31,5,1,0
BRDA:31,6,0,0
BRDA:31,6,1,0
BRDA:31,6,2,0
BRDA:31,6,3,0
BRDA:57,7,0,0
BRDA:57,7,1,1
BRDA:66,8,0,0
BRDA:91,9,0,0
BRDA:91,9,1,6
BRDA:91,10,0,6
BRDA:91,10,1,6
BRDA:118,11,0,0
BRDA:118,11,1,5
BRDA:124,12,0,0
BRDA:124,12,1,5
BRDA:136,13,0,0
BRDA:136,13,1,5
BRDA:136,14,0,5
BRDA:136,14,1,5
BRDA:160,15,0,0
BRDA:160,15,1,1
BRDA:179,16,0,1
BRDA:179,16,1,0
BRDA:198,17,0,0
BRDA:198,17,1,1
BRDA:203,18,0,0
BRDA:203,18,1,1
BRDA:214,19,0,0
BRDA:214,19,1,1
BRDA:231,20,0,1
BRDA:231,20,1,0
BRF:43
BRH:15
end_of_record
TN:
SF:src\controladores\setlist.controlador.js
FN:7,(anonymous_0)
FN:81,(anonymous_1)
FN:99,(anonymous_2)
FN:113,(anonymous_3)
FN:132,(anonymous_4)
FN:145,(anonymous_5)
FN:163,(anonymous_6)
FN:179,(anonymous_7)
FN:191,(anonymous_8)
FN:209,(anonymous_9)
FN:222,(anonymous_10)
FN:222,(anonymous_11)
FN:223,(anonymous_12)
FN:247,(anonymous_13)
FN:274,(anonymous_14)
FN:301,(anonymous_15)
FNF:16
FNH:10
FNDA:1,(anonymous_0)
FNDA:6,(anonymous_1)
FNDA:1,(anonymous_2)
FNDA:2,(anonymous_3)
FNDA:0,(anonymous_4)
FNDA:1,(anonymous_5)
FNDA:1,(anonymous_6)
FNDA:0,(anonymous_7)
FNDA:0,(anonymous_8)
FNDA:1,(anonymous_9)
FNDA:1,(anonymous_10)
FNDA:1,(anonymous_11)
FNDA:1,(anonymous_12)
FNDA:0,(anonymous_13)
FNDA:0,(anonymous_14)
FNDA:0,(anonymous_15)
DA:2,1
DA:3,1
DA:4,1
DA:5,1
DA:7,1
DA:8,1
DA:9,1
DA:10,1
DA:11,1
DA:14,1
DA:15,1
DA:19,1
DA:28,1
DA:45,1
DA:46,1
DA:47,0
DA:48,0
DA:49,0
DA:57,1
DA:58,1
DA:59,1
DA:69,1
DA:77,1
DA:81,1
DA:82,6
DA:83,6
DA:84,6
DA:85,6
DA:86,0
DA:88,6
DA:89,6
DA:90,6
DA:91,6
DA:92,6
DA:93,6
DA:95,0
DA:99,1
DA:100,1
DA:101,1
DA:102,1
DA:103,1
DA:107,1
DA:109,0
DA:113,1
DA:114,2
DA:115,2
DA:116,2
DA:117,2
DA:118,2
DA:127,2
DA:128,1
DA:131,1
DA:132,0
DA:133,0
DA:134,0
DA:135,0
DA:139,1
DA:141,0
DA:145,1
DA:146,1
DA:147,1
DA:148,1
DA:149,1
DA:150,1
DA:151,1
DA:152,1
DA:153,1
DA:154,1
DA:155,1
DA:157,0
DA:159,0
DA:163,1
DA:164,1
DA:165,1
DA:166,1
DA:167,1
DA:168,1
DA:169,1
DA:170,1
DA:171,1
DA:173,0
DA:175,0
DA:179,1
DA:180,0
DA:181,0
DA:182,0
DA:183,0
DA:184,0
DA:185,0
DA:186,0
DA:187,0
DA:188,0
DA:189,0
DA:191,0
DA:196,0
DA:197,0
DA:198,0
DA:200,0
DA:201,0
DA:202,0
DA:204,0
DA:205,0
DA:209,1
DA:210,1
DA:211,1
DA:212,1
DA:213,1
DA:214,1
DA:215,1
DA:219,1
DA:220,0
DA:222,1
DA:223,1
DA:224,1
DA:225,0
DA:227,1
DA:241,1
DA:243,0
DA:247,1
DA:248,0
DA:249,0
DA:250,0
DA:251,0
DA:253,0
DA:254,0
DA:255,0
DA:256,0
DA:259,0
DA:260,0
DA:261,0
DA:264,0
DA:267,0
DA:268,0
DA:270,0
DA:274,1
DA:275,0
DA:276,0
DA:278,0
DA:279,0
DA:296,0
DA:297,0
DA:300,0
DA:301,0
DA:302,0
DA:303,0
DA:304,0
DA:308,0
DA:310,0
LF:148
LH:83
BRDA:15,0,0,1
BRDA:15,0,1,0
BRDA:46,1,0,0
BRDA:46,1,1,1
BRDA:48,2,0,0
BRDA:48,2,1,0
BRDA:85,3,0,0
BRDA:85,3,1,6
BRDA:127,4,0,1
BRDA:127,4,1,1
BRDA:131,5,0,0
BRDA:131,5,1,1
BRDA:131,6,0,1
BRDA:131,6,1,1
BRDA:133,7,0,0
BRDA:133,7,1,0
BRDA:133,7,2,0
BRDA:134,8,0,0
BRDA:134,8,1,0
BRDA:134,8,2,0
BRDA:152,9,0,1
BRDA:152,9,1,0
BRDA:169,10,0,1
BRDA:169,10,1,0
BRDA:187,11,0,0
BRDA:187,11,1,0
BRDA:197,12,0,0
BRDA:197,12,1,0
BRDA:212,13,0,0
BRDA:219,14,0,0
BRDA:219,14,1,1
BRDA:219,15,0,1
BRDA:219,15,1,1
BRDA:224,16,0,0
BRDA:224,16,1,1
BRDA:255,17,0,0
BRDA:255,17,1,0
BRDA:259,18,0,0
BRDA:259,18,1,0
BRDA:260,19,0,0
BRDA:260,19,1,0
BRDA:296,20,0,0
BRDA:296,20,1,0
BRDA:300,21,0,0
BRDA:300,21,1,0
BRDA:300,22,0,0
BRDA:300,22,1,0
BRDA:302,23,0,0
BRDA:302,23,1,0
BRDA:302,23,2,0
BRDA:303,24,0,0
BRDA:303,24,1,0
BRDA:303,24,2,0
BRF:53
BRH:14
end_of_record
TN:
SF:src\controladores\sugestao.controlador.js
FN:4,(anonymous_0)
FN:44,(anonymous_1)
FN:64,(anonymous_2)
FN:104,(anonymous_3)
FNF:4
FNH:2
FNDA:3,(anonymous_0)
FNDA:0,(anonymous_1)
FNDA:1,(anonymous_2)
FNDA:0,(anonymous_3)
DA:2,4
DA:4,4
DA:5,3
DA:6,3
DA:7,3
DA:8,3
DA:10,3
DA:11,0
DA:16,3
DA:17,3
DA:21,3
DA:22,1
DA:30,2
DA:37,2
DA:39,0
DA:40,0
DA:44,4
DA:45,0
DA:46,0
DA:47,0
DA:55,0
DA:57,0
DA:58,0
DA:64,4
DA:65,1
DA:66,1
DA:67,1
DA:69,1
DA:70,1
DA:72,1
DA:73,0
DA:74,0
DA:79,1
DA:80,1
DA:82,1
DA:87,1
DA:89,1
DA:92,1
DA:94,1
DA:98,0
DA:99,0
DA:100,0
DA:104,4
DA:105,0
DA:106,0
DA:107,0
DA:108,0
DA:113,0
DA:114,0
DA:118,0
DA:122,0
DA:123,0
LF:52
LH:29
BRDA:10,0,0,0
BRDA:10,0,1,3
BRDA:10,1,0,3
BRDA:10,1,1,3
BRDA:21,2,0,1
BRDA:21,2,1,2
BRDA:21,3,0,3
BRDA:21,3,1,3
BRDA:72,4,0,0
BRDA:72,4,1,1
BRDA:72,5,0,1
BRDA:72,5,1,1
BRDA:113,6,0,0
BRDA:113,6,1,0
BRF:14
BRH:10
end_of_record
TN:
SF:src\controladores\usuario.controlador.js
FN:9,(anonymous_0)
FN:63,(anonymous_1)
FN:100,(anonymous_2)
FN:139,(anonymous_3)
FN:174,(anonymous_4)
FN:179,(anonymous_5)
FN:222,(anonymous_6)
FN:258,(anonymous_7)
FN:293,(anonymous_8)
FN:301,(anonymous_9)
FNF:10
FNH:7
FNDA:1,(anonymous_0)
FNDA:45,(anonymous_1)
FNDA:72,(anonymous_2)
FNDA:1,(anonymous_3)
FNDA:1,(anonymous_4)
FNDA:0,(anonymous_5)
FNDA:1,(anonymous_6)
FNDA:1,(anonymous_7)
FNDA:0,(anonymous_8)
FNDA:0,(anonymous_9)
DA:2,13
DA:3,13
DA:4,13
DA:5,13
DA:6,13
DA:7,13
DA:9,13
DA:10,1
DA:11,0
DA:16,1
DA:17,1
DA:18,1
DA:20,1
DA:21,1
DA:23,1
DA:24,1
DA:30,1
DA:31,0
DA:35,1
DA:36,1
DA:37,1
DA:38,1
DA:39,1
DA:41,1
DA:45,1
DA:46,1
DA:47,1
DA:48,1
DA:50,1
DA:51,1
DA:54,1
DA:57,0
DA:59,0
DA:63,13
DA:64,45
DA:65,45
DA:67,45
DA:68,45
DA:69,45
DA:70,0
DA:73,45
DA:74,45
DA:84,45
DA:85,45
DA:87,45
DA:89,45
DA:96,0
DA:100,13
DA:101,72
DA:102,72
DA:104,72
DA:105,0
DA:107,72
DA:108,72
DA:109,72
DA:110,0
DA:113,72
DA:114,72
DA:115,0
DA:118,72
DA:124,72
DA:126,72
DA:128,72
DA:135,0
DA:139,13
DA:140,1
DA:141,1
DA:143,1
DA:144,0
DA:147,1
DA:148,1
DA:150,1
DA:151,0
DA:154,1
DA:155,1
DA:157,1
DA:159,1
DA:161,1
DA:162,0
DA:165,1
DA:167,1
DA:170,0
DA:174,13
DA:175,1
DA:176,1
DA:179,13
DA:180,0
DA:181,0
DA:182,0
DA:184,0
DA:185,0
DA:187,0
DA:189,0
DA:192,0
DA:194,0
DA:197,0
DA:198,0
DA:200,0
DA:203,0
DA:204,0
DA:207,0
DA:209,0
DA:210,0
DA:211,0
DA:215,0
DA:218,0
DA:222,13
DA:223,1
DA:224,1
DA:225,1
DA:227,1
DA:228,0
DA:231,1
DA:232,0
DA:235,1
DA:236,1
DA:237,1
DA:238,0
DA:241,1
DA:242,1
DA:243,0
DA:246,1
DA:247,1
DA:249,1
DA:251,1
DA:254,0
DA:258,13
DA:259,1
DA:260,1
DA:265,1
DA:267,1
DA:269,0
DA:270,0
DA:271,0
DA:275,1
DA:276,1
DA:280,1
DA:281,1
DA:282,1
DA:283,1
DA:284,1
DA:287,0
DA:289,0
DA:293,13
DA:294,0
DA:295,0
DA:296,0
DA:297,0
DA:299,0
DA:300,0
DA:301,0
DA:302,0
DA:303,0
DA:304,0
DA:305,0
DA:307,0
DA:310,0
DA:315,0
DA:316,0
DA:317,0
DA:318,0
DA:321,0
DA:324,0
LF:163
LH:100
BRDA:10,0,0,0
BRDA:10,0,1,1
BRDA:23,1,0,1
BRDA:23,1,1,0
BRDA:30,2,0,0
BRDA:30,2,1,1
BRDA:36,3,0,1
BRDA:36,3,1,0
BRDA:37,4,0,1
BRDA:37,4,1,0
BRDA:38,5,0,0
BRDA:38,5,1,1
BRDA:39,6,0,0
BRDA:39,6,1,1
BRDA:45,7,0,1
BRDA:45,7,1,0
BRDA:50,8,0,1
BRDA:50,8,1,0
BRDA:50,9,0,1
BRDA:50,9,1,1
BRDA:69,10,0,0
BRDA:69,10,1,45
BRDA:104,11,0,0
BRDA:104,11,1,72
BRDA:104,12,0,72
BRDA:104,12,1,72
BRDA:109,13,0,0
BRDA:109,13,1,72
BRDA:114,14,0,0
BRDA:114,14,1,72
BRDA:143,15,0,0
BRDA:143,15,1,1
BRDA:150,16,0,0
BRDA:150,16,1,1
BRDA:161,17,0,0
BRDA:161,17,1,1
BRDA:187,18,0,0
BRDA:187,18,1,0
BRDA:192,19,0,0
BRDA:192,19,1,0
BRDA:197,20,0,0
BRDA:197,20,1,0
BRDA:203,21,0,0
BRDA:203,21,1,0
BRDA:209,22,0,0
BRDA:209,22,1,0
BRDA:227,23,0,0
BRDA:227,23,1,1
BRDA:227,24,0,1
BRDA:227,24,1,1
BRDA:231,25,0,0
BRDA:231,25,1,1
BRDA:237,26,0,0
BRDA:237,26,1,1
BRDA:242,27,0,0
BRDA:242,27,1,1
BRDA:265,28,0,1
BRDA:265,28,1,0
BRDA:267,29,0,0
BRDA:267,29,1,1
BRDA:269,30,0,0
BRDA:269,30,1,0
BRDA:270,31,0,0
BRDA:270,31,1,0
BRDA:280,32,0,1
BRDA:280,32,1,0
BRDA:302,33,0,0
BRDA:302,33,1,0
BRDA:315,34,0,0
BRDA:315,34,1,0
BRF:70
BRH:29
end_of_record
TN:
SF:src\controladores\vitrine.controlador.js
FN:9,(anonymous_0)
FN:79,(anonymous_1)
FN:95,(anonymous_2)
FN:127,(anonymous_3)
FN:156,(anonymous_4)
FN:185,(anonymous_5)
FNF:6
FNH:1
FNDA:1,(anonymous_0)
FNDA:0,(anonymous_1)
FNDA:0,(anonymous_2)
FNDA:0,(anonymous_3)
FNDA:0,(anonymous_4)
FNDA:0,(anonymous_5)
DA:2,2
DA:3,2
DA:9,2
DA:11,1
DA:12,1
DA:14,1
DA:15,1
DA:23,1
DA:24,0
DA:28,1
DA:52,1
DA:56,1
DA:57,1
DA:58,1
DA:63,1
DA:71,1
DA:74,0
DA:79,2
DA:80,0
DA:81,0
DA:82,0
DA:85,0
DA:87,0
DA:90,0
DA:95,2
DA:96,0
DA:97,0
DA:98,0
DA:100,0
DA:101,0
DA:102,0
DA:103,0
DA:106,0
DA:108,0
DA:109,0
DA:111,0
DA:113,0
DA:117,0
DA:118,0
DA:121,0
DA:127,2
DA:128,0
DA:129,0
DA:131,0
DA:132,0
DA:150,0
DA:152,0
DA:156,2
DA:157,0
DA:158,0
DA:159,0
DA:162,0
DA:163,0
DA:166,0
DA:167,0
DA:168,0
DA:169,0
DA:172,0
DA:173,0
DA:175,0
DA:178,0
DA:181,0
DA:185,2
DA:186,0
DA:188,0
DA:190,0
DA:191,0
DA:205,0
DA:207,0
LF:69
LH:20
BRDA:23,0,0,0
BRDA:23,0,1,1
BRDA:23,1,0,1
BRDA:23,1,1,1
BRDA:102,2,0,0
BRDA:102,2,1,0
BRDA:108,3,0,0
BRDA:108,3,1,0
BRDA:162,4,0,0
BRDA:162,4,1,0
BRDA:162,5,0,0
BRDA:162,5,1,0
BRDA:168,6,0,0
BRDA:168,6,1,0
BRDA:172,7,0,0
BRDA:172,7,1,0
BRF:16
BRH:3
end_of_record
TN:
SF:src\controladores\webhook.controlador.js
FN:13,(anonymous_0)
FNF:1
FNH:1
FNDA:1,(anonymous_0)
DA:2,1
DA:6,1
DA:13,1
DA:14,1
DA:15,1
DA:19,1
DA:20,1
DA:21,1
DA:23,0
DA:24,0
DA:27,1
DA:28,1
DA:31,1
DA:33,1
DA:34,1
DA:36,1
DA:37,0
DA:38,0
DA:42,1
DA:43,1
DA:44,1
DA:46,1
DA:48,1
DA:49,1
DA:50,1
DA:51,1
DA:56,1
DA:58,0
DA:61,0
DA:62,0
DA:64,1
DA:71,1
LF:32
LH:25
BRDA:31,0,0,1
BRDA:36,1,0,0
BRDA:36,1,1,1
BRDA:36,2,0,1
BRDA:36,2,1,1
BRDA:50,3,0,1
BRDA:50,3,1,0
BRDA:54,4,0,1
BRDA:54,4,1,0
BRF:9
BRH:6
end_of_record
TN:
SF:src\database\index.js
FN:54,(anonymous_0)
FN:57,(anonymous_1)
FNF:2
FNH:2
FNDA:300,(anonymous_0)
FNDA:300,(anonymous_1)
DA:2,15
DA:3,15
DA:6,15
DA:7,15
DA:8,15
DA:9,15
DA:10,15
DA:11,15
DA:12,15
DA:13,15
DA:14,15
DA:15,15
DA:16,15
DA:17,15
DA:18,15
DA:19,15
DA:20,15
DA:21,15
DA:22,15
DA:23,15
DA:24,15
DA:25,15
DA:27,15
DA:30,15
DA:54,300
DA:57,15
DA:58,300
DA:59,300
DA:63,15
LF:29
LH:29
BRDA:58,0,0,300
BRDA:58,0,1,0
BRF:2
BRH:1
end_of_record
TN:
SF:src\middlewares\admin.js
FN:4,(anonymous_0)
FN:5,(anonymous_1)
FNF:2
FNH:2
FNDA:2,(anonymous_0)
FNDA:9,(anonymous_1)
DA:4,2
DA:5,2
DA:7,9
DA:8,8
DA:11,1
LF:5
LH:5
BRDA:7,0,0,8
BRDA:7,0,1,1
BRDA:7,1,0,9
BRDA:7,1,1,9
BRF:4
BRH:4
end_of_record
TN:
SF:src\middlewares\autenticacao.js
FN:5,(anonymous_0)
FN:7,(anonymous_1)
FNF:2
FNH:2
FNDA:30,(anonymous_0)
FNDA:95,(anonymous_1)
DA:2,13
DA:5,13
DA:7,30
DA:8,95
DA:10,95
DA:11,0
DA:14,95
DA:16,95
DA:17,95
DA:18,95
DA:21,95
DA:22,95
DA:24,95
DA:25,0
DA:28,95
DA:29,95
DA:31,0
LF:17
LH:14
BRDA:10,0,0,0
BRDA:10,0,1,95
BRDA:24,1,0,0
BRDA:24,1,1,95
BRF:4
BRH:2
end_of_record
TN:
SF:src\middlewares\authFa.js
FN:4,(anonymous_0)
FN:5,(anonymous_1)
FNF:2
FNH:2
FNDA:6,(anonymous_0)
FNDA:1,(anonymous_1)
DA:2,2
DA:4,2
DA:5,6
DA:7,1
DA:9,1
DA:10,1
DA:13,0
DA:15,0
DA:16,0
DA:19,0
DA:21,0
DA:23,0
LF:12
LH:6
BRDA:9,0,0,1
BRDA:9,0,1,0
BRF:2
BRH:1
end_of_record
TN:
SF:src\middlewares\encontrarArtistaPorUrl.js
FN:2,(anonymous_0)
FNF:1
FNH:1
FNDA:2,(anonymous_0)
DA:2,2
DA:3,2
DA:4,2
DA:6,2
DA:7,2
DA:9,2
DA:10,1
DA:14,1
DA:15,1
DA:18,0
LF:10
LH:9
BRDA:9,0,0,1
BRDA:9,0,1,1
BRDA:9,1,0,2
BRDA:9,1,1,2
BRF:4
BRH:4
end_of_record
TN:
SF:src\middlewares\limiteRecurso.js
FN:14,(anonymous_0)
FN:15,(anonymous_1)
FNF:2
FNH:2
FNDA:4,(anonymous_0)
FNDA:16,(anonymous_1)
DA:3,4
DA:14,4
DA:15,4
DA:16,16
DA:17,16
DA:20,16
DA:21,0
DA:24,16
DA:25,16
DA:26,16
DA:28,16
DA:29,0
DA:35,16
DA:37,0
DA:38,0
LF:15
LH:11
BRDA:20,0,0,0
BRDA:20,0,1,16
BRDA:20,1,0,16
BRDA:20,1,1,16
BRDA:28,2,0,0
BRDA:28,2,1,16
BRF:6
BRH:4
end_of_record
TN:
SF:src\middlewares\tratadorDeErros.js
FN:3,(anonymous_0)
FNF:1
FNH:1
FNDA:3,(anonymous_0)
DA:3,14
DA:5,3
DA:8,3
DA:11,3
DA:14,3
DA:21,14
LF:6
LH:6
BRDA:8,0,0,3
BRDA:8,0,1,2
BRDA:11,1,0,3
BRDA:11,1,1,0
BRDA:17,2,0,3
BRDA:17,2,1,0
BRF:6
BRH:4
end_of_record
TN:
SF:src\middlewares\validador.js
FN:4,(anonymous_0)
FN:15,(anonymous_1)
FNF:2
FNH:1
FNDA:45,(anonymous_0)
FNDA:0,(anonymous_1)
DA:2,13
DA:4,13
DA:6,45
DA:9,45
DA:10,45
DA:14,0
DA:15,0
DA:17,0
DA:22,13
LF:9
LH:6
BRDA:9,0,0,45
BRDA:9,0,1,0
BRF:2
BRH:1
end_of_record
TN:
SF:src\middlewares\verificarPlano.js
FN:14,(anonymous_0)
FN:15,(anonymous_1)
FNF:2
FNH:2
FNDA:12,(anonymous_0)
FNDA:11,(anonymous_1)
DA:3,13
DA:14,13
DA:15,12
DA:16,11
DA:17,11
DA:18,11
DA:20,11
DA:21,11
DA:25,0
LF:9
LH:8
BRDA:20,0,0,11
BRDA:20,0,1,0
BRDA:20,1,0,11
BRDA:20,1,1,11
BRF:4
BRH:3
end_of_record
TN:
SF:src\modelos\activity_log.modelo.js
FN:5,(anonymous_0)
FN:16,(anonymous_1)
FNF:2
FNH:2
FNDA:15,(anonymous_0)
FNDA:15,(anonymous_1)
DA:2,15
DA:6,15
DA:17,15
DA:21,15
LF:4
LH:4
BRF:0
BRH:0
end_of_record
TN:
SF:src\modelos\compromisso.modelo.js
FN:6,(anonymous_0)
FN:27,(anonymous_1)
FNF:2
FNH:2
FNDA:15,(anonymous_0)
FNDA:15,(anonymous_1)
DA:3,15
DA:7,15
DA:29,15
DA:34,15
DA:38,15
LF:5
LH:5
BRF:0
BRH:0
end_of_record
TN:
SF:src\modelos\conquista.modelo.js
FN:3,(anonymous_0)
FN:8,(anonymous_1)
FNF:2
FNH:2
FNDA:15,(anonymous_0)
FNDA:15,(anonymous_1)
DA:1,15
DA:4,15
DA:9,15
DA:10,15
DA:13,15
LF:5
LH:5
BRF:0
BRH:0
end_of_record
TN:
SF:src\modelos\contato.modelo.js
FN:6,(anonymous_0)
FN:20,(anonymous_1)
FNF:2
FNH:2
FNDA:15,(anonymous_0)
FNDA:15,(anonymous_1)
DA:3,15
DA:7,15
DA:21,15
DA:25,15
LF:4
LH:4
BRF:0
BRH:0
end_of_record
TN:
SF:src\modelos\enquete.modelo.js
FN:5,(anonymous_0)
FN:15,(anonymous_1)
FNF:2
FNH:2
FNDA:15,(anonymous_0)
FNDA:15,(anonymous_1)
DA:2,15
DA:6,15
DA:16,15
DA:17,15
DA:21,15
LF:5
LH:5
BRF:0
BRH:0
end_of_record
TN:
SF:src\modelos\enquete_opcao.modelo.js
FN:5,(anonymous_0)
FN:15,(anonymous_1)
FNF:2
FNH:2
FNDA:15,(anonymous_0)
FNDA:15,(anonymous_1)
DA:2,15
DA:6,15
DA:16,15
DA:20,15
LF:4
LH:4
BRF:0
BRH:0
end_of_record
TN:
SF:src\modelos\equipamento.modelo.js
FN:5,(anonymous_0)
FN:21,(anonymous_1)
FNF:2
FNH:2
FNDA:15,(anonymous_0)
FNDA:15,(anonymous_1)
DA:2,15
DA:6,15
DA:22,15
DA:26,15
LF:4
LH:4
BRF:0
BRH:0
end_of_record
TN:
SF:src\modelos\fa.modelo.js
FN:5,(anonymous_0)
FN:17,(anonymous_1)
FNF:2
FNH:2
FNDA:15,(anonymous_0)
FNDA:15,(anonymous_1)
DA:2,15
DA:6,15
DA:19,15
DA:22,15
DA:30,15
LF:5
LH:5
BRF:0
BRH:0
end_of_record
TN:
SF:src\modelos\interacao.modelo.js
FN:5,(anonymous_0)
FN:16,(anonymous_1)
FNF:2
FNH:2
FNDA:15,(anonymous_0)
FNDA:15,(anonymous_1)
DA:2,15
DA:6,15
DA:18,15
DA:20,15
DA:24,15
LF:5
LH:5
BRF:0
BRH:0
end_of_record
TN:
SF:src\modelos\musica.modelo.js
FN:5,(anonymous_0)
FN:24,(anonymous_1)
FNF:2
FNH:2
FNDA:15,(anonymous_0)
FNDA:15,(anonymous_1)
DA:2,15
DA:6,15
DA:25,15
DA:26,15
DA:27,15
DA:28,15
DA:29,15
DA:33,15
DA:41,15
LF:9
LH:9
BRF:0
BRH:0
end_of_record
TN:
SF:src\modelos\musica_fa_like.modelo.js
FN:5,(anonymous_0)
FN:23,(anonymous_1)
FNF:2
FNH:2
FNDA:15,(anonymous_0)
FNDA:15,(anonymous_1)
DA:2,15
DA:6,15
DA:24,15
DA:28,15
DA:32,15
LF:5
LH:5
BRF:0
BRH:0
end_of_record
TN:
SF:src\modelos\notificacao.modelo.js
FN:3,(anonymous_0)
FN:10,(anonymous_1)
FNF:2
FNH:2
FNDA:15,(anonymous_0)
FNDA:15,(anonymous_1)
DA:1,15
DA:4,15
DA:11,15
DA:12,15
DA:15,15
LF:5
LH:5
BRF:0
BRH:0
end_of_record
TN:
SF:src\modelos\post.modelo.js
FN:5,(anonymous_0)
FN:20,(anonymous_1)
FNF:2
FNH:2
FNDA:15,(anonymous_0)
FNDA:15,(anonymous_1)
DA:2,15
DA:6,15
DA:21,15
DA:25,15
LF:4
LH:4
BRF:0
BRH:0
end_of_record
TN:
SF:src\modelos\setlist.modelo.js
FN:5,(anonymous_0)
FN:17,(anonymous_1)
FNF:2
FNH:2
FNDA:15,(anonymous_0)
FNDA:15,(anonymous_1)
DA:2,15
DA:6,15
DA:18,15
DA:19,15
DA:22,15
DA:30,15
LF:6
LH:6
BRF:0
BRH:0
end_of_record
TN:
SF:src\modelos\setlist_musica.modelo.js
FN:5,(anonymous_0)
FN:20,(anonymous_1)
FNF:2
FNH:2
FNDA:15,(anonymous_0)
FNDA:15,(anonymous_1)
DA:2,15
DA:6,15
DA:21,15
DA:22,15
DA:26,15
LF:5
LH:5
BRF:0
BRH:0
end_of_record
TN:
SF:src\modelos\sugestao_musica.modelo.js
FN:5,(anonymous_0)
FN:16,(anonymous_1)
FNF:2
FNH:2
FNDA:15,(anonymous_0)
FNDA:15,(anonymous_1)
DA:2,15
DA:6,15
DA:18,15
DA:20,15
DA:24,15
LF:5
LH:5
BRF:0
BRH:0
end_of_record
TN:
SF:src\modelos\tag.modelo.js
FN:5,(anonymous_0)
FN:14,(anonymous_1)
FNF:2
FNH:2
FNDA:15,(anonymous_0)
FNDA:15,(anonymous_1)
DA:2,15
DA:6,15
DA:16,15
DA:20,15
LF:4
LH:4
BRF:0
BRH:0
end_of_record
TN:
SF:src\modelos\transacao.modelo.js
FN:4,(anonymous_0)
FN:20,(anonymous_1)
FNF:2
FNH:2
FNDA:15,(anonymous_0)
FNDA:15,(anonymous_1)
DA:2,15
DA:5,15
DA:22,15
DA:23,15
DA:26,15
LF:5
LH:5
BRF:0
BRH:0
end_of_record
TN:
SF:src\modelos\usuario.modelo.js
FN:5,(anonymous_0)
FN:25,(anonymous_1)
FNF:2
FNH:2
FNDA:15,(anonymous_0)
FNDA:15,(anonymous_1)
DA:2,15
DA:6,15
DA:26,15
DA:27,15
DA:28,15
DA:29,15
DA:30,15
DA:31,15
DA:32,15
DA:33,15
DA:34,15
DA:35,15
DA:36,15
DA:40,15
LF:14
LH:14
BRF:0
BRH:0
end_of_record
TN:
SF:src\modelos\usuario_conquista.modelo.js
FN:5,(anonymous_0)
FN:14,(anonymous_1)
FNF:2
FNH:2
FNDA:15,(anonymous_0)
FNDA:15,(anonymous_1)
DA:2,15
DA:6,15
DA:16,15
DA:18,15
DA:22,15
LF:5
LH:5
BRF:0
BRH:0
end_of_record
TN:
SF:src\rotas\admin.rotas.js
FN:9,(anonymous_0)
FN:16,(anonymous_1)
FN:17,(anonymous_2)
FN:18,(anonymous_3)
FN:19,(anonymous_4)
FN:20,(anonymous_5)
FN:22,(anonymous_6)
FN:25,(anonymous_7)
FN:26,(anonymous_8)
FN:27,(anonymous_9)
FNF:10
FNH:7
FNDA:2,(anonymous_0)
FNDA:1,(anonymous_1)
FNDA:1,(anonymous_2)
FNDA:2,(anonymous_3)
FNDA:2,(anonymous_4)
FNDA:0,(anonymous_5)
FNDA:1,(anonymous_6)
FNDA:0,(anonymous_7)
FNDA:1,(anonymous_8)
FNDA:0,(anonymous_9)
DA:2,2
DA:3,2
DA:5,2
DA:6,2
DA:7,2
DA:9,2
DA:10,2
DA:13,2
DA:16,2
DA:17,2
DA:18,2
DA:19,2
DA:20,2
DA:22,2
DA:25,2
DA:26,2
DA:27,2
DA:29,2
LF:18
LH:18
BRF:0
BRH:0
end_of_record
TN:
SF:src\rotas\assinatura.rotas.js
FN:6,(anonymous_0)
FN:13,(anonymous_1)
FN:15,(anonymous_2)
FN:17,(anonymous_3)
FN:19,(anonymous_4)
FNF:5
FNH:4
FNDA:1,(anonymous_0)
FNDA:0,(anonymous_1)
FNDA:1,(anonymous_2)
FNDA:1,(anonymous_3)
FNDA:2,(anonymous_4)
DA:2,1
DA:3,1
DA:4,1
DA:6,1
DA:7,1
DA:10,1
DA:13,1
DA:15,1
DA:17,1
DA:19,2
DA:21,1
LF:11
LH:11
BRF:0
BRH:0
end_of_record
TN:
SF:src\rotas\compromisso.rotas.js
FN:7,(anonymous_0)
FN:13,(anonymous_1)
FN:15,(anonymous_2)
FN:17,(anonymous_3)
FN:19,(anonymous_4)
FN:21,(anonymous_5)
FN:23,(anonymous_6)
FN:25,(anonymous_7)
FNF:8
FNH:7
FNDA:2,(anonymous_0)
FNDA:0,(anonymous_1)
FNDA:7,(anonymous_2)
FNDA:1,(anonymous_3)
FNDA:1,(anonymous_4)
FNDA:2,(anonymous_5)
FNDA:1,(anonymous_6)
FNDA:1,(anonymous_7)
DA:2,2
DA:3,2
DA:4,2
DA:5,2
DA:7,2
DA:8,2
DA:10,2
DA:13,2
DA:15,7
DA:17,2
DA:19,2
DA:21,2
DA:23,2
DA:25,2
DA:28,2
LF:15
LH:15
BRF:0
BRH:0
end_of_record
TN:
SF:src\rotas\conquista.rotas.js
FN:6,(anonymous_0)
FN:12,(anonymous_1)
FN:14,(anonymous_2)
FNF:3
FNH:2
FNDA:1,(anonymous_0)
FNDA:0,(anonymous_1)
FNDA:3,(anonymous_2)
DA:2,1
DA:3,1
DA:4,1
DA:6,1
DA:7,1
DA:9,1
DA:12,1
DA:14,3
DA:16,1
LF:9
LH:9
BRF:0
BRH:0
end_of_record
TN:
SF:src\rotas\contato.rotas.js
FN:7,(anonymous_0)
FN:11,(anonymous_1)
FN:12,(anonymous_2)
FN:13,(anonymous_3)
FN:14,(anonymous_4)
FN:15,(anonymous_5)
FN:19,(anonymous_6)
FNF:7
FNH:5
FNDA:2,(anonymous_0)
FNDA:6,(anonymous_1)
FNDA:0,(anonymous_2)
FNDA:1,(anonymous_3)
FNDA:1,(anonymous_4)
FNDA:0,(anonymous_5)
FNDA:1,(anonymous_6)
DA:2,2
DA:3,2
DA:4,2
DA:5,2
DA:7,2
DA:8,2
DA:9,2
DA:11,6
DA:12,2
DA:13,2
DA:14,2
DA:15,2
DA:19,2
DA:21,2
LF:14
LH:14
BRF:0
BRH:0
end_of_record
TN:
SF:src\rotas\enquete.rotas.js
FN:6,(anonymous_0)
FN:12,(anonymous_1)
FN:13,(anonymous_2)
FN:14,(anonymous_3)
FN:15,(anonymous_4)
FNF:5
FNH:4
FNDA:1,(anonymous_0)
FNDA:6,(anonymous_1)
FNDA:1,(anonymous_2)
FNDA:2,(anonymous_3)
FNDA:0,(anonymous_4)
DA:2,1
DA:3,1
DA:4,1
DA:6,1
DA:7,1
DA:10,1
DA:12,6
DA:13,1
DA:14,2
DA:15,1
DA:17,1
LF:11
LH:11
BRF:0
BRH:0
end_of_record
TN:
SF:src\rotas\equipamento.rotas.js
FN:7,(anonymous_0)
FN:12,(anonymous_1)
FN:15,(anonymous_2)
FN:18,(anonymous_3)
FN:21,(anonymous_4)
FN:24,(anonymous_5)
FNF:6
FNH:4
FNDA:1,(anonymous_0)
FNDA:4,(anonymous_1)
FNDA:1,(anonymous_2)
FNDA:0,(anonymous_3)
FNDA:1,(anonymous_4)
FNDA:0,(anonymous_5)
DA:2,1
DA:3,1
DA:4,1
DA:5,1
DA:7,1
DA:8,1
DA:10,1
DA:12,1
DA:13,4
DA:15,1
DA:16,1
DA:18,1
DA:19,0
DA:21,1
DA:22,1
DA:24,1
DA:25,0
DA:28,1
LF:18
LH:16
BRF:0
BRH:0
end_of_record
TN:
SF:src\rotas\financeiro.rotas.js
FN:6,(anonymous_0)
FN:11,(anonymous_1)
FN:15,(anonymous_2)
FN:19,(anonymous_3)
FN:23,(anonymous_4)
FNF:5
FNH:4
FNDA:3,(anonymous_0)
FNDA:0,(anonymous_1)
FNDA:1,(anonymous_2)
FNDA:1,(anonymous_3)
FNDA:5,(anonymous_4)
DA:2,3
DA:3,3
DA:4,3
DA:6,3
DA:7,3
DA:8,3
DA:11,3
DA:12,0
DA:15,3
DA:16,1
DA:19,3
DA:20,1
DA:23,3
DA:24,5
DA:27,3
LF:15
LH:14
BRF:0
BRH:0
end_of_record
TN:
SF:src\rotas\musica.rotas.js
FN:8,(anonymous_0)
FN:12,(anonymous_1)
FN:13,(anonymous_2)
FN:14,(anonymous_3)
FN:16,(anonymous_4)
FN:18,(anonymous_5)
FN:19,(anonymous_6)
FN:20,(anonymous_7)
FN:22,(anonymous_8)
FN:24,(anonymous_9)
FNF:10
FNH:8
FNDA:3,(anonymous_0)
FNDA:0,(anonymous_1)
FNDA:5,(anonymous_2)
FNDA:6,(anonymous_3)
FNDA:0,(anonymous_4)
FNDA:1,(anonymous_5)
FNDA:1,(anonymous_6)
FNDA:1,(anonymous_7)
FNDA:3,(anonymous_8)
FNDA:1,(anonymous_9)
DA:2,3
DA:3,3
DA:4,3
DA:5,3
DA:6,3
DA:8,3
DA:9,3
DA:10,3
DA:12,3
DA:13,5
DA:14,6
DA:16,3
DA:18,3
DA:19,3
DA:20,3
DA:22,3
DA:24,3
DA:26,3
LF:18
LH:18
BRF:0
BRH:0
end_of_record
TN:
SF:src\rotas\setlist.rotas.js
FN:8,(anonymous_0)
FN:11,(anonymous_1)
FN:15,(anonymous_2)
FN:16,(anonymous_3)
FN:17,(anonymous_4)
FN:19,(anonymous_5)
FN:20,(anonymous_6)
FN:21,(anonymous_7)
FN:23,(anonymous_8)
FN:24,(anonymous_9)
FN:25,(anonymous_10)
FNF:11
FNH:8
FNDA:1,(anonymous_0)
FNDA:0,(anonymous_1)
FNDA:1,(anonymous_2)
FNDA:1,(anonymous_3)
FNDA:6,(anonymous_4)
FNDA:2,(anonymous_5)
FNDA:1,(anonymous_6)
FNDA:1,(anonymous_7)
FNDA:0,(anonymous_8)
FNDA:1,(anonymous_9)
FNDA:0,(anonymous_10)
DA:2,1
DA:3,1
DA:4,1
DA:5,1
DA:6,1
DA:8,1
DA:9,1
DA:11,1
DA:13,1
DA:15,1
DA:16,1
DA:17,6
DA:19,2
DA:20,1
DA:21,1
DA:23,1
DA:24,1
DA:25,1
DA:27,1
LF:19
LH:19
BRF:0
BRH:0
end_of_record
TN:
SF:src\rotas\usuario.rotas.js
FN:11,(anonymous_0)
FN:24,(anonymous_1)
FN:25,(anonymous_2)
FN:26,(anonymous_3)
FN:32,(anonymous_4)
FN:33,(anonymous_5)
FN:34,(anonymous_6)
FN:35,(anonymous_7)
FN:37,(anonymous_8)
FN:39,(anonymous_9)
FNF:10
FNH:8
FNDA:13,(anonymous_0)
FNDA:45,(anonymous_1)
FNDA:72,(anonymous_2)
FNDA:1,(anonymous_3)
FNDA:1,(anonymous_4)
FNDA:0,(anonymous_5)
FNDA:1,(anonymous_6)
FNDA:1,(anonymous_7)
FNDA:1,(anonymous_8)
FNDA:0,(anonymous_9)
DA:2,13
DA:3,13
DA:4,13
DA:5,13
DA:6,13
DA:7,13
DA:8,13
DA:9,13
DA:11,13
DA:12,13
DA:14,13
DA:15,13
DA:17,13
DA:24,45
DA:25,72
DA:26,13
DA:29,13
DA:32,13
DA:33,13
DA:34,13
DA:35,13
DA:37,13
DA:39,13
DA:41,13
LF:24
LH:24
BRF:0
BRH:0
end_of_record
TN:
SF:src\rotas\vitrine.rotas.js
FN:10,(anonymous_0)
FN:16,(anonymous_1)
FN:17,(anonymous_2)
FN:21,(anonymous_3)
FN:22,(anonymous_4)
FN:26,(anonymous_5)
FN:27,(anonymous_6)
FN:30,(anonymous_7)
FN:38,(anonymous_8)
FN:39,(anonymous_9)
FN:45,(anonymous_10)
FN:51,(anonymous_11)
FNF:12
FNH:4
FNDA:2,(anonymous_0)
FNDA:2,(anonymous_1)
FNDA:1,(anonymous_2)
FNDA:0,(anonymous_3)
FNDA:0,(anonymous_4)
FNDA:0,(anonymous_5)
FNDA:0,(anonymous_6)
FNDA:1,(anonymous_7)
FNDA:0,(anonymous_8)
FNDA:0,(anonymous_9)
FNDA:0,(anonymous_10)
FNDA:0,(anonymous_11)
DA:2,2
DA:3,2
DA:4,2
DA:7,2
DA:8,2
DA:10,2
DA:11,2
DA:15,2
DA:16,2
DA:17,1
DA:20,2
DA:21,0
DA:22,0
DA:25,2
DA:26,0
DA:27,0
DA:30,2
DA:36,2
DA:38,0
DA:39,0
DA:43,2
DA:45,0
DA:49,2
DA:51,0
DA:54,2
LF:25
LH:17
BRF:0
BRH:0
end_of_record
TN:
SF:src\rotas\webhook.rotas.js
FN:5,(anonymous_0)
FN:9,(anonymous_1)
FNF:2
FNH:2
FNDA:1,(anonymous_0)
FNDA:1,(anonymous_1)
DA:2,1
DA:3,1
DA:5,1
DA:6,1
DA:9,1
DA:11,1
LF:6
LH:6
BRF:0
BRH:0
end_of_record
TN:
SF:src\servicos\compromisso.servico.js
FN:5,(anonymous_0)
FN:46,(anonymous_1)
FNF:2
FNH:2
FNDA:9,(anonymous_0)
FNDA:2,(anonymous_1)
DA:2,3
DA:3,3
DA:5,3
DA:6,9
DA:7,9
DA:8,9
DA:10,9
DA:11,9
DA:13,9
DA:14,6
DA:18,9
DA:19,1
DA:20,1
DA:21,1
DA:26,1
DA:27,1
DA:28,1
DA:32,9
DA:37,9
DA:38,1
DA:41,1
DA:46,2
DA:48,1
DA:51,1
DA:63,1
DA:69,0
LF:26
LH:25
BRDA:13,0,0,6
BRDA:13,0,1,3
BRDA:18,1,0,1
BRDA:18,1,1,8
BRDA:18,2,0,9
BRDA:18,2,1,1
BRDA:20,3,0,1
BRDA:20,3,1,0
BRDA:32,4,0,0
BRDA:32,4,1,9
BRDA:32,5,0,9
BRDA:32,5,1,0
BRDA:37,6,0,1
BRDA:37,6,1,8
BRDA:48,7,0,1
BRDA:48,7,1,0
BRF:16
BRH:12
end_of_record
TN:
SF:src\servicos\conquista.servico.js
FN:4,(anonymous_0)
FN:21,(anonymous_1)
FN:53,(anonymous_2)
FN:118,(anonymous_3)
FNF:4
FNH:4
FNDA:51,(anonymous_0)
FNDA:3,(anonymous_1)
FNDA:75,(anonymous_2)
FNDA:90,(anonymous_3)
DA:2,15
DA:4,15
DA:9,51
DA:10,51
DA:11,51
DA:14,51
DA:16,10
DA:19,10
DA:21,10
DA:22,10
DA:28,10
DA:29,27
DA:31,26
DA:32,10
DA:35,10
DA:40,10
DA:46,0
DA:53,15
DA:54,75
DA:55,75
DA:57,75
DA:59,12
DA:60,12
DA:62,3
DA:63,3
DA:65,3
DA:66,3
DA:68,12
DA:69,12
DA:71,3
DA:72,3
DA:74,0
DA:75,0
DA:77,2
DA:78,2
DA:80,2
DA:81,2
DA:83,11
DA:84,11
DA:85,11
DA:87,0
DA:88,0
DA:92,0
DA:94,0
DA:95,0
DA:97,0
DA:98,0
DA:99,0
DA:101,21
DA:102,21
DA:103,21
DA:105,6
DA:106,6
DA:108,0
DA:109,0
DA:112,0
DA:113,0
DA:115,75
DA:118,15
DA:119,90
DA:123,27
DA:125,63
DA:129,9
DA:131,54
DA:132,54
DA:134,0
LF:66
LH:50
BRDA:14,0,0,41
BRDA:14,0,1,10
BRDA:19,1,0,0
BRDA:19,1,1,10
BRDA:29,2,0,1
BRDA:29,2,1,26
BRDA:31,3,0,10
BRDA:31,3,1,16
BRDA:57,4,0,12
BRDA:57,4,1,3
BRDA:57,4,2,3
BRDA:57,4,3,12
BRDA:57,4,4,3
BRDA:57,4,5,0
BRDA:57,4,6,2
BRDA:57,4,7,2
BRDA:57,4,8,11
BRDA:57,4,9,0
BRDA:57,4,10,0
BRDA:57,4,11,0
BRDA:57,4,12,21
BRDA:57,4,13,6
BRDA:57,4,14,0
BRDA:57,4,15,0
BRDA:84,5,0,11
BRDA:84,5,1,6
BRDA:94,6,0,0
BRDA:94,6,1,0
BRDA:94,7,0,0
BRDA:94,7,1,0
BRDA:94,7,2,0
BRDA:94,7,3,0
BRDA:98,8,0,0
BRDA:98,8,1,0
BRDA:98,9,0,0
BRDA:98,9,1,0
BRDA:102,10,0,21
BRDA:102,10,1,0
BRDA:119,11,0,27
BRDA:119,11,1,63
BRDA:120,12,0,90
BRDA:120,12,1,81
BRDA:125,13,0,9
BRDA:125,13,1,54
BRDA:126,14,0,63
BRDA:126,14,1,54
BRDA:131,15,0,54
BRDA:131,15,1,0
BRDA:131,16,0,54
BRDA:131,16,1,54
BRF:50
BRH:31
end_of_record
TN:
SF:src\servicos\contrato.servico.js
FN:4,adicionarTexto
FN:9,adicionarClausula
FN:14,(anonymous_2)
FNF:3
FNH:3
FNDA:10,adicionarTexto
FNDA:8,adicionarClausula
FNDA:1,(anonymous_2)
DA:2,3
DA:5,10
DA:6,10
DA:10,8
DA:11,8
DA:14,3
DA:15,1
DA:16,1
DA:18,1
DA:19,1
DA:20,1
DA:21,1
DA:22,1
DA:23,1
DA:25,1
DA:26,1
DA:28,1
DA:29,1
DA:30,1
DA:31,1
DA:32,1
DA:34,1
DA:35,1
DA:37,1
DA:38,1
DA:40,1
DA:41,1
DA:42,1
DA:47,1
DA:49,1
DA:50,1
DA:51,1
DA:56,1
DA:58,1
DA:60,1
DA:62,1
DA:63,1
DA:65,1
DA:66,1
DA:68,1
DA:70,1
DA:71,1
DA:73,1
DA:75,1
DA:76,1
DA:79,1
DA:80,1
DA:81,1
DA:82,1
DA:84,1
DA:85,1
DA:88,1
DA:89,1
DA:92,1
DA:93,1
DA:94,1
DA:97,1
DA:98,1
DA:99,1
DA:102,1
LF:60
LH:60
BRDA:23,0,0,1
BRDA:23,0,1,0
BRF:2
BRH:1
end_of_record
TN:
SF:src\servicos\email.servico.js
FN:21,(anonymous_0)
FNF:1
FNH:1
FNDA:1,(anonymous_0)
DA:2,13
DA:6,13
DA:21,13
DA:22,1
DA:24,1
DA:25,1
DA:41,1
DA:42,1
DA:44,0
DA:45,0
LF:10
LH:8
BRF:0
BRH:0
end_of_record
TN:
SF:src\servicos\interacao.servico.js
FN:8,(anonymous_0)
FNF:1
FNH:0
FNDA:0,(anonymous_0)
DA:2,2
DA:8,2
DA:9,0
DA:10,0
LF:4
LH:2
BRDA:8,0,0,0
BRDA:15,1,0,0
BRDA:15,1,1,0
BRF:3
BRH:0
end_of_record
TN:
SF:src\servicos\log.servico.js
FN:2,(anonymous_0)
FNF:1
FNH:1
FNDA:129,(anonymous_0)
DA:2,13
DA:3,129
DA:5,129
DA:6,129
DA:12,0
DA:16,13
LF:6
LH:5
BRDA:2,0,0,119
BRF:1
BRH:1
end_of_record
